[2015-04-27 06:34:04] production.ERROR: exception 'PDOException' with message 'SQLSTATE[HY000] [2002] No connection could be made because the target machine actively refused it.
' in C:\wamp\www\LaradeMe\vendor\laravel\framework\src\Illuminate\Database\Connectors\Connector.php:47
Stack trace:
#0 C:\wamp\www\LaradeMe\vendor\laravel\framework\src\Illuminate\Database\Connectors\Connector.php(47): PDO->__construct('mysql:host=loca...', 'root', '', Array)
#1 C:\wamp\www\LaradeMe\vendor\laravel\framework\src\Illuminate\Database\Connectors\MySqlConnector.php(20): Illuminate\Database\Connectors\Connector->createConnection('mysql:host=loca...', Array, Array)
#2 C:\wamp\www\LaradeMe\vendor\compiled.php(10761): Illuminate\Database\Connectors\MySqlConnector->connect(Array)
#3 C:\wamp\www\LaradeMe\vendor\compiled.php(10757): Illuminate\Database\Connectors\ConnectionFactory->createSingleConnection(Array)
#4 C:\wamp\www\LaradeMe\vendor\compiled.php(10675): Illuminate\Database\Connectors\ConnectionFactory->make(Array, 'mysql')
#5 C:\wamp\www\LaradeMe\vendor\compiled.php(10630): Illuminate\Database\DatabaseManager->makeConnection('mysql')
#6 C:\wamp\www\LaradeMe\vendor\compiled.php(10509): Illuminate\Database\DatabaseManager->connection(NULL)
#7 C:\wamp\www\LaradeMe\vendor\compiled.php(10496): Illuminate\Database\Eloquent\Model::resolveConnection(NULL)
#8 C:\wamp\www\LaradeMe\vendor\compiled.php(9985): Illuminate\Database\Eloquent\Model->getConnection()
#9 C:\wamp\www\LaradeMe\vendor\compiled.php(9962): Illuminate\Database\Eloquent\Model->newBaseQueryBuilder()
#10 C:\wamp\www\LaradeMe\vendor\compiled.php(9952): Illuminate\Database\Eloquent\Model->newQueryWithoutScopes()
#11 C:\wamp\www\LaradeMe\vendor\compiled.php(718): Illuminate\Database\Eloquent\Model->newQuery()
#12 C:\wamp\www\LaradeMe\vendor\compiled.php(514): Illuminate\Auth\EloquentUserProvider->retrieveByCredentials(Array)
#13 C:\wamp\www\LaradeMe\vendor\compiled.php(2031): Illuminate\Auth\Guard->attempt(Array, false)
#14 [internal function]: App\Http\Controllers\Auth\AuthController->postLogin(Object(Illuminate\Http\Request))
#15 C:\wamp\www\LaradeMe\vendor\compiled.php(8349): call_user_func_array(Array, Array)
#16 C:\wamp\www\LaradeMe\vendor\compiled.php(8416): Illuminate\Routing\Controller->callAction('postLogin', Array)
#17 C:\wamp\www\LaradeMe\vendor\compiled.php(8395): Illuminate\Routing\ControllerDispatcher->call(Object(App\Http\Controllers\Auth\AuthController), Object(Illuminate\Routing\Route), 'postLogin')
#18 [internal function]: Illuminate\Routing\ControllerDispatcher->Illuminate\Routing\{closure}(Object(Illuminate\Http\Request))
#19 C:\wamp\www\LaradeMe\vendor\compiled.php(9027): call_user_func(Object(Closure), Object(Illuminate\Http\Request))
#20 C:\wamp\www\LaradeMe\app\Http\Middleware\RedirectIfAuthenticated.php(41): Illuminate\Pipeline\Pipeline->Illuminate\Pipeline\{closure}(Object(Illuminate\Http\Request))
#21 C:\wamp\www\LaradeMe\vendor\compiled.php(9019): App\Http\Middleware\RedirectIfAuthenticated->handle(Object(Illuminate\Http\Request), Object(Closure))
#22 [internal function]: Illuminate\Pipeline\Pipeline->Illuminate\Pipeline\{closure}(Object(Illuminate\Http\Request))
#23 C:\wamp\www\LaradeMe\vendor\compiled.php(9010): call_user_func(Object(Closure), Object(Illuminate\Http\Request))
#24 C:\wamp\www\LaradeMe\vendor\compiled.php(8396): Illuminate\Pipeline\Pipeline->then(Object(Closure))
#25 C:\wamp\www\LaradeMe\vendor\compiled.php(8382): Illuminate\Routing\ControllerDispatcher->callWithinStack(Object(App\Http\Controllers\Auth\AuthController), Object(Illuminate\Routing\Route), Object(Illuminate\Http\Request), 'postLogin')
#26 C:\wamp\www\LaradeMe\vendor\compiled.php(7379): Illuminate\Routing\ControllerDispatcher->dispatch(Object(Illuminate\Routing\Route), Object(Illuminate\Http\Request), 'App\\Http\\Contro...', 'postLogin')
#27 C:\wamp\www\LaradeMe\vendor\compiled.php(7350): Illuminate\Routing\Route->runWithCustomDispatcher(Object(Illuminate\Http\Request))
#28 C:\wamp\www\LaradeMe\vendor\compiled.php(7016): Illuminate\Routing\Route->run(Object(Illuminate\Http\Request))
#29 [internal function]: Illuminate\Routing\Router->Illuminate\Routing\{closure}(Object(Illuminate\Http\Request))
#30 C:\wamp\www\LaradeMe\vendor\compiled.php(9027): call_user_func(Object(Closure), Object(Illuminate\Http\Request))
#31 [internal function]: Illuminate\Pipeline\Pipeline->Illuminate\Pipeline\{closure}(Object(Illuminate\Http\Request))
#32 C:\wamp\www\LaradeMe\vendor\compiled.php(9010): call_user_func(Object(Closure), Object(Illuminate\Http\Request))
#33 C:\wamp\www\LaradeMe\vendor\compiled.php(7017): Illuminate\Pipeline\Pipeline->then(Object(Closure))
#34 C:\wamp\www\LaradeMe\vendor\compiled.php(7006): Illuminate\Routing\Router->runRouteWithinStack(Object(Illuminate\Routing\Route), Object(Illuminate\Http\Request))
#35 C:\wamp\www\LaradeMe\vendor\compiled.php(6991): Illuminate\Routing\Router->dispatchToRoute(Object(Illuminate\Http\Request))
#36 C:\wamp\www\LaradeMe\vendor\compiled.php(1981): Illuminate\Routing\Router->dispatch(Object(Illuminate\Http\Request))
#37 [internal function]: Illuminate\Foundation\Http\Kernel->Illuminate\Foundation\Http\{closure}(Object(Illuminate\Http\Request))
#38 C:\wamp\www\LaradeMe\vendor\compiled.php(9027): call_user_func(Object(Closure), Object(Illuminate\Http\Request))
#39 C:\wamp\www\LaradeMe\vendor\compiled.php(2484): Illuminate\Pipeline\Pipeline->Illuminate\Pipeline\{closure}(Object(Illuminate\Http\Request))
#40 C:\wamp\www\LaradeMe\app\Http\Middleware\VerifyCsrfToken.php(17): Illuminate\Foundation\Http\Middleware\VerifyCsrfToken->handle(Object(Illuminate\Http\Request), Object(Closure))
#41 C:\wamp\www\LaradeMe\vendor\compiled.php(9019): App\Http\Middleware\VerifyCsrfToken->handle(Object(Illuminate\Http\Request), Object(Closure))
#42 C:\wamp\www\LaradeMe\vendor\compiled.php(12171): Illuminate\Pipeline\Pipeline->Illuminate\Pipeline\{closure}(Object(Illuminate\Http\Request))
#43 C:\wamp\www\LaradeMe\vendor\compiled.php(9019): Illuminate\View\Middleware\ShareErrorsFromSession->handle(Object(Illuminate\Http\Request), Object(Closure))
#44 C:\wamp\www\LaradeMe\vendor\compiled.php(10873): Illuminate\Pipeline\Pipeline->Illuminate\Pipeline\{closure}(Object(Illuminate\Http\Request))
#45 C:\wamp\www\LaradeMe\vendor\compiled.php(9019): Illuminate\Session\Middleware\StartSession->handle(Object(Illuminate\Http\Request), Object(Closure))
#46 C:\wamp\www\LaradeMe\vendor\compiled.php(11877): Illuminate\Pipeline\Pipeline->Illuminate\Pipeline\{closure}(Object(Illuminate\Http\Request))
#47 C:\wamp\www\LaradeMe\vendor\compiled.php(9019): Illuminate\Cookie\Middleware\AddQueuedCookiesToResponse->handle(Object(Illuminate\Http\Request), Object(Closure))
#48 C:\wamp\www\LaradeMe\vendor\compiled.php(11826): Illuminate\Pipeline\Pipeline->Illuminate\Pipeline\{closure}(Object(Illuminate\Http\Request))
#49 C:\wamp\www\LaradeMe\vendor\compiled.php(9019): Illuminate\Cookie\Middleware\EncryptCookies->handle(Object(Illuminate\Http\Request), Object(Closure))
#50 C:\wamp\www\LaradeMe\vendor\compiled.php(2524): Illuminate\Pipeline\Pipeline->Illuminate\Pipeline\{closure}(Object(Illuminate\Http\Request))
#51 C:\wamp\www\LaradeMe\vendor\compiled.php(9019): Illuminate\Foundation\Http\Middleware\CheckForMaintenanceMode->handle(Object(Illuminate\Http\Request), Object(Closure))
#52 [internal function]: Illuminate\Pipeline\Pipeline->Illuminate\Pipeline\{closure}(Object(Illuminate\Http\Request))
#53 C:\wamp\www\LaradeMe\vendor\compiled.php(9010): call_user_func(Object(Closure), Object(Illuminate\Http\Request))
#54 C:\wamp\www\LaradeMe\vendor\compiled.php(1937): Illuminate\Pipeline\Pipeline->then(Object(Closure))
#55 C:\wamp\www\LaradeMe\vendor\compiled.php(1924): Illuminate\Foundation\Http\Kernel->sendRequestThroughRouter(Object(Illuminate\Http\Request))
#56 C:\wamp\www\LaradeMe\public\index.php(53): Illuminate\Foundation\Http\Kernel->handle(Object(Illuminate\Http\Request))
#57 C:\wamp\www\LaradeMe\server.php(21): require_once('C:\\wamp\\www\\Lar...')
#58 {main}  
[2015-04-27 08:43:28] production.ERROR: exception 'Illuminate\Session\TokenMismatchException' in C:\wamp\www\LaradeMe\vendor\compiled.php:2486
Stack trace:
#0 C:\wamp\www\LaradeMe\app\Http\Middleware\VerifyCsrfToken.php(17): Illuminate\Foundation\Http\Middleware\VerifyCsrfToken->handle(Object(Illuminate\Http\Request), Object(Closure))
#1 C:\wamp\www\LaradeMe\vendor\compiled.php(9019): App\Http\Middleware\VerifyCsrfToken->handle(Object(Illuminate\Http\Request), Object(Closure))
#2 C:\wamp\www\LaradeMe\vendor\compiled.php(12171): Illuminate\Pipeline\Pipeline->Illuminate\Pipeline\{closure}(Object(Illuminate\Http\Request))
#3 C:\wamp\www\LaradeMe\vendor\compiled.php(9019): Illuminate\View\Middleware\ShareErrorsFromSession->handle(Object(Illuminate\Http\Request), Object(Closure))
#4 C:\wamp\www\LaradeMe\vendor\compiled.php(10873): Illuminate\Pipeline\Pipeline->Illuminate\Pipeline\{closure}(Object(Illuminate\Http\Request))
#5 C:\wamp\www\LaradeMe\vendor\compiled.php(9019): Illuminate\Session\Middleware\StartSession->handle(Object(Illuminate\Http\Request), Object(Closure))
#6 C:\wamp\www\LaradeMe\vendor\compiled.php(11877): Illuminate\Pipeline\Pipeline->Illuminate\Pipeline\{closure}(Object(Illuminate\Http\Request))
#7 C:\wamp\www\LaradeMe\vendor\compiled.php(9019): Illuminate\Cookie\Middleware\AddQueuedCookiesToResponse->handle(Object(Illuminate\Http\Request), Object(Closure))
#8 C:\wamp\www\LaradeMe\vendor\compiled.php(11826): Illuminate\Pipeline\Pipeline->Illuminate\Pipeline\{closure}(Object(Illuminate\Http\Request))
#9 C:\wamp\www\LaradeMe\vendor\compiled.php(9019): Illuminate\Cookie\Middleware\EncryptCookies->handle(Object(Illuminate\Http\Request), Object(Closure))
#10 C:\wamp\www\LaradeMe\vendor\compiled.php(2524): Illuminate\Pipeline\Pipeline->Illuminate\Pipeline\{closure}(Object(Illuminate\Http\Request))
#11 C:\wamp\www\LaradeMe\vendor\compiled.php(9019): Illuminate\Foundation\Http\Middleware\CheckForMaintenanceMode->handle(Object(Illuminate\Http\Request), Object(Closure))
#12 [internal function]: Illuminate\Pipeline\Pipeline->Illuminate\Pipeline\{closure}(Object(Illuminate\Http\Request))
#13 C:\wamp\www\LaradeMe\vendor\compiled.php(9010): call_user_func(Object(Closure), Object(Illuminate\Http\Request))
#14 C:\wamp\www\LaradeMe\vendor\compiled.php(1937): Illuminate\Pipeline\Pipeline->then(Object(Closure))
#15 C:\wamp\www\LaradeMe\vendor\compiled.php(1924): Illuminate\Foundation\Http\Kernel->sendRequestThroughRouter(Object(Illuminate\Http\Request))
#16 C:\wamp\www\LaradeMe\public\index.php(53): Illuminate\Foundation\Http\Kernel->handle(Object(Illuminate\Http\Request))
#17 C:\wamp\www\LaradeMe\server.php(21): require_once('C:\\wamp\\www\\Lar...')
#18 {main}  
[2015-04-27 11:48:38] production.ERROR: exception 'Illuminate\Session\TokenMismatchException' in C:\wamp\www\LaradeMe\vendor\compiled.php:2486
Stack trace:
#0 C:\wamp\www\LaradeMe\app\Http\Middleware\VerifyCsrfToken.php(17): Illuminate\Foundation\Http\Middleware\VerifyCsrfToken->handle(Object(Illuminate\Http\Request), Object(Closure))
#1 C:\wamp\www\LaradeMe\vendor\compiled.php(9019): App\Http\Middleware\VerifyCsrfToken->handle(Object(Illuminate\Http\Request), Object(Closure))
#2 C:\wamp\www\LaradeMe\vendor\compiled.php(12171): Illuminate\Pipeline\Pipeline->Illuminate\Pipeline\{closure}(Object(Illuminate\Http\Request))
#3 C:\wamp\www\LaradeMe\vendor\compiled.php(9019): Illuminate\View\Middleware\ShareErrorsFromSession->handle(Object(Illuminate\Http\Request), Object(Closure))
#4 C:\wamp\www\LaradeMe\vendor\compiled.php(10873): Illuminate\Pipeline\Pipeline->Illuminate\Pipeline\{closure}(Object(Illuminate\Http\Request))
#5 C:\wamp\www\LaradeMe\vendor\compiled.php(9019): Illuminate\Session\Middleware\StartSession->handle(Object(Illuminate\Http\Request), Object(Closure))
#6 C:\wamp\www\LaradeMe\vendor\compiled.php(11877): Illuminate\Pipeline\Pipeline->Illuminate\Pipeline\{closure}(Object(Illuminate\Http\Request))
#7 C:\wamp\www\LaradeMe\vendor\compiled.php(9019): Illuminate\Cookie\Middleware\AddQueuedCookiesToResponse->handle(Object(Illuminate\Http\Request), Object(Closure))
#8 C:\wamp\www\LaradeMe\vendor\compiled.php(11826): Illuminate\Pipeline\Pipeline->Illuminate\Pipeline\{closure}(Object(Illuminate\Http\Request))
#9 C:\wamp\www\LaradeMe\vendor\compiled.php(9019): Illuminate\Cookie\Middleware\EncryptCookies->handle(Object(Illuminate\Http\Request), Object(Closure))
#10 C:\wamp\www\LaradeMe\vendor\compiled.php(2524): Illuminate\Pipeline\Pipeline->Illuminate\Pipeline\{closure}(Object(Illuminate\Http\Request))
#11 C:\wamp\www\LaradeMe\vendor\compiled.php(9019): Illuminate\Foundation\Http\Middleware\CheckForMaintenanceMode->handle(Object(Illuminate\Http\Request), Object(Closure))
#12 [internal function]: Illuminate\Pipeline\Pipeline->Illuminate\Pipeline\{closure}(Object(Illuminate\Http\Request))
#13 C:\wamp\www\LaradeMe\vendor\compiled.php(9010): call_user_func(Object(Closure), Object(Illuminate\Http\Request))
#14 C:\wamp\www\LaradeMe\vendor\compiled.php(1937): Illuminate\Pipeline\Pipeline->then(Object(Closure))
#15 C:\wamp\www\LaradeMe\vendor\compiled.php(1924): Illuminate\Foundation\Http\Kernel->sendRequestThroughRouter(Object(Illuminate\Http\Request))
#16 C:\wamp\www\LaradeMe\public\index.php(53): Illuminate\Foundation\Http\Kernel->handle(Object(Illuminate\Http\Request))
#17 C:\wamp\www\LaradeMe\server.php(21): require_once('C:\\wamp\\www\\Lar...')
#18 {main}  
[2015-04-27 11:53:44] production.ERROR: exception 'Illuminate\Session\TokenMismatchException' in C:\wamp\www\LaradeMe\vendor\compiled.php:2486
Stack trace:
#0 C:\wamp\www\LaradeMe\app\Http\Middleware\VerifyCsrfToken.php(17): Illuminate\Foundation\Http\Middleware\VerifyCsrfToken->handle(Object(Illuminate\Http\Request), Object(Closure))
#1 C:\wamp\www\LaradeMe\vendor\compiled.php(9019): App\Http\Middleware\VerifyCsrfToken->handle(Object(Illuminate\Http\Request), Object(Closure))
#2 C:\wamp\www\LaradeMe\vendor\compiled.php(12171): Illuminate\Pipeline\Pipeline->Illuminate\Pipeline\{closure}(Object(Illuminate\Http\Request))
#3 C:\wamp\www\LaradeMe\vendor\compiled.php(9019): Illuminate\View\Middleware\ShareErrorsFromSession->handle(Object(Illuminate\Http\Request), Object(Closure))
#4 C:\wamp\www\LaradeMe\vendor\compiled.php(10873): Illuminate\Pipeline\Pipeline->Illuminate\Pipeline\{closure}(Object(Illuminate\Http\Request))
#5 C:\wamp\www\LaradeMe\vendor\compiled.php(9019): Illuminate\Session\Middleware\StartSession->handle(Object(Illuminate\Http\Request), Object(Closure))
#6 C:\wamp\www\LaradeMe\vendor\compiled.php(11877): Illuminate\Pipeline\Pipeline->Illuminate\Pipeline\{closure}(Object(Illuminate\Http\Request))
#7 C:\wamp\www\LaradeMe\vendor\compiled.php(9019): Illuminate\Cookie\Middleware\AddQueuedCookiesToResponse->handle(Object(Illuminate\Http\Request), Object(Closure))
#8 C:\wamp\www\LaradeMe\vendor\compiled.php(11826): Illuminate\Pipeline\Pipeline->Illuminate\Pipeline\{closure}(Object(Illuminate\Http\Request))
#9 C:\wamp\www\LaradeMe\vendor\compiled.php(9019): Illuminate\Cookie\Middleware\EncryptCookies->handle(Object(Illuminate\Http\Request), Object(Closure))
#10 C:\wamp\www\LaradeMe\vendor\compiled.php(2524): Illuminate\Pipeline\Pipeline->Illuminate\Pipeline\{closure}(Object(Illuminate\Http\Request))
#11 C:\wamp\www\LaradeMe\vendor\compiled.php(9019): Illuminate\Foundation\Http\Middleware\CheckForMaintenanceMode->handle(Object(Illuminate\Http\Request), Object(Closure))
#12 [internal function]: Illuminate\Pipeline\Pipeline->Illuminate\Pipeline\{closure}(Object(Illuminate\Http\Request))
#13 C:\wamp\www\LaradeMe\vendor\compiled.php(9010): call_user_func(Object(Closure), Object(Illuminate\Http\Request))
#14 C:\wamp\www\LaradeMe\vendor\compiled.php(1937): Illuminate\Pipeline\Pipeline->then(Object(Closure))
#15 C:\wamp\www\LaradeMe\vendor\compiled.php(1924): Illuminate\Foundation\Http\Kernel->sendRequestThroughRouter(Object(Illuminate\Http\Request))
#16 C:\wamp\www\LaradeMe\public\index.php(53): Illuminate\Foundation\Http\Kernel->handle(Object(Illuminate\Http\Request))
#17 C:\wamp\www\LaradeMe\server.php(21): require_once('C:\\wamp\\www\\Lar...')
#18 {main}  
[2015-04-27 11:58:02] production.ERROR: exception 'Swift_TransportException' with message 'Cannot send message without a sender address' in C:\wamp\www\LaradeMe\vendor\swiftmailer\swiftmailer\lib\classes\Swift\Transport\AbstractSmtpTransport.php:162
Stack trace:
#0 C:\wamp\www\LaradeMe\vendor\swiftmailer\swiftmailer\lib\classes\Swift\Mailer.php(85): Swift_Transport_AbstractSmtpTransport->send(Object(Swift_Message), Array)
#1 C:\wamp\www\LaradeMe\vendor\laravel\framework\src\Illuminate\Mail\Mailer.php(352): Swift_Mailer->send(Object(Swift_Message), Array)
#2 C:\wamp\www\LaradeMe\vendor\laravel\framework\src\Illuminate\Mail\Mailer.php(166): Illuminate\Mail\Mailer->sendSwiftMessage(Object(Swift_Message))
#3 C:\wamp\www\LaradeMe\vendor\laravel\framework\src\Illuminate\Auth\Passwords\PasswordBroker.php(116): Illuminate\Mail\Mailer->send('emails.password', Array, Object(Closure))
#4 C:\wamp\www\LaradeMe\vendor\laravel\framework\src\Illuminate\Auth\Passwords\PasswordBroker.php(91): Illuminate\Auth\Passwords\PasswordBroker->emailResetLink(Object(App\User), 'f896a1c039c2480...', Object(Closure))
#5 C:\wamp\www\LaradeMe\vendor\compiled.php(2076): Illuminate\Auth\Passwords\PasswordBroker->sendResetLink(Array, Object(Closure))
#6 [internal function]: App\Http\Controllers\Auth\PasswordController->postEmail(Object(Illuminate\Http\Request))
#7 C:\wamp\www\LaradeMe\vendor\compiled.php(8349): call_user_func_array(Array, Array)
#8 C:\wamp\www\LaradeMe\vendor\compiled.php(8416): Illuminate\Routing\Controller->callAction('postEmail', Array)
#9 C:\wamp\www\LaradeMe\vendor\compiled.php(8395): Illuminate\Routing\ControllerDispatcher->call(Object(App\Http\Controllers\Auth\PasswordController), Object(Illuminate\Routing\Route), 'postEmail')
#10 [internal function]: Illuminate\Routing\ControllerDispatcher->Illuminate\Routing\{closure}(Object(Illuminate\Http\Request))
#11 C:\wamp\www\LaradeMe\vendor\compiled.php(9027): call_user_func(Object(Closure), Object(Illuminate\Http\Request))
#12 C:\wamp\www\LaradeMe\app\Http\Middleware\RedirectIfAuthenticated.php(41): Illuminate\Pipeline\Pipeline->Illuminate\Pipeline\{closure}(Object(Illuminate\Http\Request))
#13 C:\wamp\www\LaradeMe\vendor\compiled.php(9019): App\Http\Middleware\RedirectIfAuthenticated->handle(Object(Illuminate\Http\Request), Object(Closure))
#14 [internal function]: Illuminate\Pipeline\Pipeline->Illuminate\Pipeline\{closure}(Object(Illuminate\Http\Request))
#15 C:\wamp\www\LaradeMe\vendor\compiled.php(9010): call_user_func(Object(Closure), Object(Illuminate\Http\Request))
#16 C:\wamp\www\LaradeMe\vendor\compiled.php(8396): Illuminate\Pipeline\Pipeline->then(Object(Closure))
#17 C:\wamp\www\LaradeMe\vendor\compiled.php(8382): Illuminate\Routing\ControllerDispatcher->callWithinStack(Object(App\Http\Controllers\Auth\PasswordController), Object(Illuminate\Routing\Route), Object(Illuminate\Http\Request), 'postEmail')
#18 C:\wamp\www\LaradeMe\vendor\compiled.php(7379): Illuminate\Routing\ControllerDispatcher->dispatch(Object(Illuminate\Routing\Route), Object(Illuminate\Http\Request), 'App\\Http\\Contro...', 'postEmail')
#19 C:\wamp\www\LaradeMe\vendor\compiled.php(7350): Illuminate\Routing\Route->runWithCustomDispatcher(Object(Illuminate\Http\Request))
#20 C:\wamp\www\LaradeMe\vendor\compiled.php(7016): Illuminate\Routing\Route->run(Object(Illuminate\Http\Request))
#21 [internal function]: Illuminate\Routing\Router->Illuminate\Routing\{closure}(Object(Illuminate\Http\Request))
#22 C:\wamp\www\LaradeMe\vendor\compiled.php(9027): call_user_func(Object(Closure), Object(Illuminate\Http\Request))
#23 [internal function]: Illuminate\Pipeline\Pipeline->Illuminate\Pipeline\{closure}(Object(Illuminate\Http\Request))
#24 C:\wamp\www\LaradeMe\vendor\compiled.php(9010): call_user_func(Object(Closure), Object(Illuminate\Http\Request))
#25 C:\wamp\www\LaradeMe\vendor\compiled.php(7017): Illuminate\Pipeline\Pipeline->then(Object(Closure))
#26 C:\wamp\www\LaradeMe\vendor\compiled.php(7006): Illuminate\Routing\Router->runRouteWithinStack(Object(Illuminate\Routing\Route), Object(Illuminate\Http\Request))
#27 C:\wamp\www\LaradeMe\vendor\compiled.php(6991): Illuminate\Routing\Router->dispatchToRoute(Object(Illuminate\Http\Request))
#28 C:\wamp\www\LaradeMe\vendor\compiled.php(1981): Illuminate\Routing\Router->dispatch(Object(Illuminate\Http\Request))
#29 [internal function]: Illuminate\Foundation\Http\Kernel->Illuminate\Foundation\Http\{closure}(Object(Illuminate\Http\Request))
#30 C:\wamp\www\LaradeMe\vendor\compiled.php(9027): call_user_func(Object(Closure), Object(Illuminate\Http\Request))
#31 C:\wamp\www\LaradeMe\vendor\compiled.php(2484): Illuminate\Pipeline\Pipeline->Illuminate\Pipeline\{closure}(Object(Illuminate\Http\Request))
#32 C:\wamp\www\LaradeMe\app\Http\Middleware\VerifyCsrfToken.php(17): Illuminate\Foundation\Http\Middleware\VerifyCsrfToken->handle(Object(Illuminate\Http\Request), Object(Closure))
#33 C:\wamp\www\LaradeMe\vendor\compiled.php(9019): App\Http\Middleware\VerifyCsrfToken->handle(Object(Illuminate\Http\Request), Object(Closure))
#34 C:\wamp\www\LaradeMe\vendor\compiled.php(12171): Illuminate\Pipeline\Pipeline->Illuminate\Pipeline\{closure}(Object(Illuminate\Http\Request))
#35 C:\wamp\www\LaradeMe\vendor\compiled.php(9019): Illuminate\View\Middleware\ShareErrorsFromSession->handle(Object(Illuminate\Http\Request), Object(Closure))
#36 C:\wamp\www\LaradeMe\vendor\compiled.php(10873): Illuminate\Pipeline\Pipeline->Illuminate\Pipeline\{closure}(Object(Illuminate\Http\Request))
#37 C:\wamp\www\LaradeMe\vendor\compiled.php(9019): Illuminate\Session\Middleware\StartSession->handle(Object(Illuminate\Http\Request), Object(Closure))
#38 C:\wamp\www\LaradeMe\vendor\compiled.php(11877): Illuminate\Pipeline\Pipeline->Illuminate\Pipeline\{closure}(Object(Illuminate\Http\Request))
#39 C:\wamp\www\LaradeMe\vendor\compiled.php(9019): Illuminate\Cookie\Middleware\AddQueuedCookiesToResponse->handle(Object(Illuminate\Http\Request), Object(Closure))
#40 C:\wamp\www\LaradeMe\vendor\compiled.php(11826): Illuminate\Pipeline\Pipeline->Illuminate\Pipeline\{closure}(Object(Illuminate\Http\Request))
#41 C:\wamp\www\LaradeMe\vendor\compiled.php(9019): Illuminate\Cookie\Middleware\EncryptCookies->handle(Object(Illuminate\Http\Request), Object(Closure))
#42 C:\wamp\www\LaradeMe\vendor\compiled.php(2524): Illuminate\Pipeline\Pipeline->Illuminate\Pipeline\{closure}(Object(Illuminate\Http\Request))
#43 C:\wamp\www\LaradeMe\vendor\compiled.php(9019): Illuminate\Foundation\Http\Middleware\CheckForMaintenanceMode->handle(Object(Illuminate\Http\Request), Object(Closure))
#44 [internal function]: Illuminate\Pipeline\Pipeline->Illuminate\Pipeline\{closure}(Object(Illuminate\Http\Request))
#45 C:\wamp\www\LaradeMe\vendor\compiled.php(9010): call_user_func(Object(Closure), Object(Illuminate\Http\Request))
#46 C:\wamp\www\LaradeMe\vendor\compiled.php(1937): Illuminate\Pipeline\Pipeline->then(Object(Closure))
#47 C:\wamp\www\LaradeMe\vendor\compiled.php(1924): Illuminate\Foundation\Http\Kernel->sendRequestThroughRouter(Object(Illuminate\Http\Request))
#48 C:\wamp\www\LaradeMe\public\index.php(53): Illuminate\Foundation\Http\Kernel->handle(Object(Illuminate\Http\Request))
#49 C:\wamp\www\LaradeMe\server.php(21): require_once('C:\\wamp\\www\\Lar...')
#50 {main}  
