[2015-04-30 06:21:22] production.ERROR: exception 'ErrorException' with message 'json_decode() expects parameter 1 to be string, array given' in C:\wamp\www\LaradeMe\app\Http\Controllers\ParamController.php:26
Stack trace:
#0 [internal function]: Illuminate\Foundation\Bootstrap\HandleExceptions->handleError(2, 'json_decode() e...', 'C:\\wamp\\www\\Lar...', 26, Array)
#1 C:\wamp\www\LaradeMe\app\Http\Controllers\ParamController.php(26): json_decode(Array)
#2 [internal function]: App\Http\Controllers\ParamController->index()
#3 C:\wamp\www\LaradeMe\vendor\compiled.php(8349): call_user_func_array(Array, Array)
#4 C:\wamp\www\LaradeMe\vendor\compiled.php(8416): Illuminate\Routing\Controller->callAction('index', Array)
#5 C:\wamp\www\LaradeMe\vendor\compiled.php(8395): Illuminate\Routing\ControllerDispatcher->call(Object(App\Http\Controllers\ParamController), Object(Illuminate\Routing\Route), 'index')
#6 [internal function]: Illuminate\Routing\ControllerDispatcher->Illuminate\Routing\{closure}(Object(Illuminate\Http\Request))
#7 C:\wamp\www\LaradeMe\vendor\compiled.php(9027): call_user_func(Object(Closure), Object(Illuminate\Http\Request))
#8 [internal function]: Illuminate\Pipeline\Pipeline->Illuminate\Pipeline\{closure}(Object(Illuminate\Http\Request))
#9 C:\wamp\www\LaradeMe\vendor\compiled.php(9010): call_user_func(Object(Closure), Object(Illuminate\Http\Request))
#10 C:\wamp\www\LaradeMe\vendor\compiled.php(8396): Illuminate\Pipeline\Pipeline->then(Object(Closure))
#11 C:\wamp\www\LaradeMe\vendor\compiled.php(8382): Illuminate\Routing\ControllerDispatcher->callWithinStack(Object(App\Http\Controllers\ParamController), Object(Illuminate\Routing\Route), Object(Illuminate\Http\Request), 'index')
#12 C:\wamp\www\LaradeMe\vendor\compiled.php(7379): Illuminate\Routing\ControllerDispatcher->dispatch(Object(Illuminate\Routing\Route), Object(Illuminate\Http\Request), 'App\\Http\\Contro...', 'index')
#13 C:\wamp\www\LaradeMe\vendor\compiled.php(7350): Illuminate\Routing\Route->runWithCustomDispatcher(Object(Illuminate\Http\Request))
#14 C:\wamp\www\LaradeMe\vendor\compiled.php(7016): Illuminate\Routing\Route->run(Object(Illuminate\Http\Request))
#15 [internal function]: Illuminate\Routing\Router->Illuminate\Routing\{closure}(Object(Illuminate\Http\Request))
#16 C:\wamp\www\LaradeMe\vendor\compiled.php(9027): call_user_func(Object(Closure), Object(Illuminate\Http\Request))
#17 [internal function]: Illuminate\Pipeline\Pipeline->Illuminate\Pipeline\{closure}(Object(Illuminate\Http\Request))
#18 C:\wamp\www\LaradeMe\vendor\compiled.php(9010): call_user_func(Object(Closure), Object(Illuminate\Http\Request))
#19 C:\wamp\www\LaradeMe\vendor\compiled.php(7017): Illuminate\Pipeline\Pipeline->then(Object(Closure))
#20 C:\wamp\www\LaradeMe\vendor\compiled.php(7006): Illuminate\Routing\Router->runRouteWithinStack(Object(Illuminate\Routing\Route), Object(Illuminate\Http\Request))
#21 C:\wamp\www\LaradeMe\vendor\compiled.php(6991): Illuminate\Routing\Router->dispatchToRoute(Object(Illuminate\Http\Request))
#22 C:\wamp\www\LaradeMe\vendor\compiled.php(1981): Illuminate\Routing\Router->dispatch(Object(Illuminate\Http\Request))
#23 [internal function]: Illuminate\Foundation\Http\Kernel->Illuminate\Foundation\Http\{closure}(Object(Illuminate\Http\Request))
#24 C:\wamp\www\LaradeMe\vendor\compiled.php(9027): call_user_func(Object(Closure), Object(Illuminate\Http\Request))
#25 C:\wamp\www\LaradeMe\vendor\compiled.php(2484): Illuminate\Pipeline\Pipeline->Illuminate\Pipeline\{closure}(Object(Illuminate\Http\Request))
#26 C:\wamp\www\LaradeMe\app\Http\Middleware\VerifyCsrfToken.php(17): Illuminate\Foundation\Http\Middleware\VerifyCsrfToken->handle(Object(Illuminate\Http\Request), Object(Closure))
#27 C:\wamp\www\LaradeMe\vendor\compiled.php(9019): App\Http\Middleware\VerifyCsrfToken->handle(Object(Illuminate\Http\Request), Object(Closure))
#28 C:\wamp\www\LaradeMe\vendor\compiled.php(12171): Illuminate\Pipeline\Pipeline->Illuminate\Pipeline\{closure}(Object(Illuminate\Http\Request))
#29 C:\wamp\www\LaradeMe\vendor\compiled.php(9019): Illuminate\View\Middleware\ShareErrorsFromSession->handle(Object(Illuminate\Http\Request), Object(Closure))
#30 C:\wamp\www\LaradeMe\vendor\compiled.php(10873): Illuminate\Pipeline\Pipeline->Illuminate\Pipeline\{closure}(Object(Illuminate\Http\Request))
#31 C:\wamp\www\LaradeMe\vendor\compiled.php(9019): Illuminate\Session\Middleware\StartSession->handle(Object(Illuminate\Http\Request), Object(Closure))
#32 C:\wamp\www\LaradeMe\vendor\compiled.php(11877): Illuminate\Pipeline\Pipeline->Illuminate\Pipeline\{closure}(Object(Illuminate\Http\Request))
#33 C:\wamp\www\LaradeMe\vendor\compiled.php(9019): Illuminate\Cookie\Middleware\AddQueuedCookiesToResponse->handle(Object(Illuminate\Http\Request), Object(Closure))
#34 C:\wamp\www\LaradeMe\vendor\compiled.php(11826): Illuminate\Pipeline\Pipeline->Illuminate\Pipeline\{closure}(Object(Illuminate\Http\Request))
#35 C:\wamp\www\LaradeMe\vendor\compiled.php(9019): Illuminate\Cookie\Middleware\EncryptCookies->handle(Object(Illuminate\Http\Request), Object(Closure))
#36 C:\wamp\www\LaradeMe\vendor\compiled.php(2524): Illuminate\Pipeline\Pipeline->Illuminate\Pipeline\{closure}(Object(Illuminate\Http\Request))
#37 C:\wamp\www\LaradeMe\vendor\compiled.php(9019): Illuminate\Foundation\Http\Middleware\CheckForMaintenanceMode->handle(Object(Illuminate\Http\Request), Object(Closure))
#38 [internal function]: Illuminate\Pipeline\Pipeline->Illuminate\Pipeline\{closure}(Object(Illuminate\Http\Request))
#39 C:\wamp\www\LaradeMe\vendor\compiled.php(9010): call_user_func(Object(Closure), Object(Illuminate\Http\Request))
#40 C:\wamp\www\LaradeMe\vendor\compiled.php(1937): Illuminate\Pipeline\Pipeline->then(Object(Closure))
#41 C:\wamp\www\LaradeMe\vendor\compiled.php(1924): Illuminate\Foundation\Http\Kernel->sendRequestThroughRouter(Object(Illuminate\Http\Request))
#42 C:\wamp\www\LaradeMe\public\index.php(53): Illuminate\Foundation\Http\Kernel->handle(Object(Illuminate\Http\Request))
#43 C:\wamp\www\LaradeMe\server.php(21): require_once('C:\\wamp\\www\\Lar...')
#44 {main}  
[2015-04-30 06:23:22] production.ERROR: exception 'Symfony\Component\Debug\Exception\FatalErrorException' with message 'Class 'App\Http\Controllers\stdClass' not found' in C:\wamp\www\LaradeMe\app\Http\Controllers\ParamController.php:26
Stack trace:
#0 C:\wamp\www\LaradeMe\vendor\compiled.php(1787): Symfony\Component\Debug\Exception\FatalErrorException->__construct()
#1 C:\wamp\www\LaradeMe\vendor\compiled.php(1782): Illuminate\Foundation\Bootstrap\HandleExceptions->fatalExceptionFromError()
#2 C:\wamp\www\LaradeMe\vendor\compiled.php(0): Illuminate\Foundation\Bootstrap\HandleExceptions->handleShutdown()
#3 C:\wamp\www\LaradeMe\vendor\compiled.php(8349): App\Http\Controllers\ParamController->index()
#4 C:\wamp\www\LaradeMe\vendor\compiled.php(8349): call_user_func_array:{C:\wamp\www\LaradeMe\vendor\compiled.php:8349}()
#5 C:\wamp\www\LaradeMe\vendor\compiled.php(8416): Illuminate\Routing\Controller->callAction()
#6 C:\wamp\www\LaradeMe\vendor\compiled.php(8395): Illuminate\Routing\ControllerDispatcher->call()
#7 C:\wamp\www\LaradeMe\vendor\compiled.php(9027): Illuminate\Routing\ControllerDispatcher->Illuminate\Routing\{closure}()
#8 C:\wamp\www\LaradeMe\vendor\compiled.php(9027): call_user_func:{C:\wamp\www\LaradeMe\vendor\compiled.php:9027}()
#9 C:\wamp\www\LaradeMe\vendor\compiled.php(9010): Illuminate\Pipeline\Pipeline->Illuminate\Pipeline\{closure}()
#10 C:\wamp\www\LaradeMe\vendor\compiled.php(9010): call_user_func:{C:\wamp\www\LaradeMe\vendor\compiled.php:9010}()
#11 C:\wamp\www\LaradeMe\vendor\compiled.php(8396): Illuminate\Pipeline\Pipeline->then()
#12 C:\wamp\www\LaradeMe\vendor\compiled.php(8382): Illuminate\Routing\ControllerDispatcher->callWithinStack()
#13 C:\wamp\www\LaradeMe\vendor\compiled.php(7379): Illuminate\Routing\ControllerDispatcher->dispatch()
#14 C:\wamp\www\LaradeMe\vendor\compiled.php(7350): Illuminate\Routing\Route->runWithCustomDispatcher()
#15 C:\wamp\www\LaradeMe\vendor\compiled.php(7016): Illuminate\Routing\Route->run()
#16 C:\wamp\www\LaradeMe\vendor\compiled.php(9027): Illuminate\Routing\Router->Illuminate\Routing\{closure}()
#17 C:\wamp\www\LaradeMe\vendor\compiled.php(9027): call_user_func:{C:\wamp\www\LaradeMe\vendor\compiled.php:9027}()
#18 C:\wamp\www\LaradeMe\vendor\compiled.php(9010): Illuminate\Pipeline\Pipeline->Illuminate\Pipeline\{closure}()
#19 C:\wamp\www\LaradeMe\vendor\compiled.php(9010): call_user_func:{C:\wamp\www\LaradeMe\vendor\compiled.php:9010}()
#20 C:\wamp\www\LaradeMe\vendor\compiled.php(7017): Illuminate\Pipeline\Pipeline->then()
#21 C:\wamp\www\LaradeMe\vendor\compiled.php(7006): Illuminate\Routing\Router->runRouteWithinStack()
#22 C:\wamp\www\LaradeMe\vendor\compiled.php(6991): Illuminate\Routing\Router->dispatchToRoute()
#23 C:\wamp\www\LaradeMe\vendor\compiled.php(1981): Illuminate\Routing\Router->dispatch()
#24 C:\wamp\www\LaradeMe\vendor\compiled.php(9027): Illuminate\Foundation\Http\Kernel->Illuminate\Foundation\Http\{closure}()
#25 C:\wamp\www\LaradeMe\vendor\compiled.php(9027): call_user_func:{C:\wamp\www\LaradeMe\vendor\compiled.php:9027}()
#26 C:\wamp\www\LaradeMe\vendor\compiled.php(2484): Illuminate\Pipeline\Pipeline->Illuminate\Pipeline\{closure}()
#27 C:\wamp\www\LaradeMe\app\Http\Middleware\VerifyCsrfToken.php(17): Illuminate\Foundation\Http\Middleware\VerifyCsrfToken->handle()
#28 C:\wamp\www\LaradeMe\vendor\compiled.php(9019): App\Http\Middleware\VerifyCsrfToken->handle()
#29 C:\wamp\www\LaradeMe\vendor\compiled.php(12171): Illuminate\Pipeline\Pipeline->Illuminate\Pipeline\{closure}()
#30 C:\wamp\www\LaradeMe\vendor\compiled.php(9019): Illuminate\View\Middleware\ShareErrorsFromSession->handle()
#31 C:\wamp\www\LaradeMe\vendor\compiled.php(10873): Illuminate\Pipeline\Pipeline->Illuminate\Pipeline\{closure}()
#32 C:\wamp\www\LaradeMe\vendor\compiled.php(9019): Illuminate\Session\Middleware\StartSession->handle()
#33 C:\wamp\www\LaradeMe\vendor\compiled.php(11877): Illuminate\Pipeline\Pipeline->Illuminate\Pipeline\{closure}()
#34 C:\wamp\www\LaradeMe\vendor\compiled.php(9019): Illuminate\Cookie\Middleware\AddQueuedCookiesToResponse->handle()
#35 C:\wamp\www\LaradeMe\vendor\compiled.php(11826): Illuminate\Pipeline\Pipeline->Illuminate\Pipeline\{closure}()
#36 C:\wamp\www\LaradeMe\vendor\compiled.php(9019): Illuminate\Cookie\Middleware\EncryptCookies->handle()
#37 C:\wamp\www\LaradeMe\vendor\compiled.php(2524): Illuminate\Pipeline\Pipeline->Illuminate\Pipeline\{closure}()
#38 C:\wamp\www\LaradeMe\vendor\compiled.php(9019): Illuminate\Foundation\Http\Middleware\CheckForMaintenanceMode->handle()
#39 C:\wamp\www\LaradeMe\vendor\compiled.php(9010): Illuminate\Pipeline\Pipeline->Illuminate\Pipeline\{closure}()
#40 C:\wamp\www\LaradeMe\vendor\compiled.php(9010): call_user_func:{C:\wamp\www\LaradeMe\vendor\compiled.php:9010}()
#41 C:\wamp\www\LaradeMe\vendor\compiled.php(1937): Illuminate\Pipeline\Pipeline->then()
#42 C:\wamp\www\LaradeMe\vendor\compiled.php(1924): Illuminate\Foundation\Http\Kernel->sendRequestThroughRouter()
#43 C:\wamp\www\LaradeMe\public\index.php(53): Illuminate\Foundation\Http\Kernel->handle()
#44 C:\wamp\www\LaradeMe\server.php(21): ()
#45 C:\wamp\www\LaradeMe\server.php(0): {main}()
#46 {main}  
[2015-04-30 06:33:33] production.ERROR: exception 'Symfony\Component\Debug\Exception\FatalErrorException' with message 'Class 'App\Http\Controllers\PDO' not found' in C:\wamp\www\LaradeMe\app\Http\Controllers\TypeUserParamController.php:23
Stack trace:
#0 C:\wamp\www\LaradeMe\vendor\compiled.php(1787): Symfony\Component\Debug\Exception\FatalErrorException->__construct()
#1 C:\wamp\www\LaradeMe\vendor\compiled.php(1782): Illuminate\Foundation\Bootstrap\HandleExceptions->fatalExceptionFromError()
#2 C:\wamp\www\LaradeMe\vendor\compiled.php(0): Illuminate\Foundation\Bootstrap\HandleExceptions->handleShutdown()
#3 C:\wamp\www\LaradeMe\vendor\compiled.php(8349): App\Http\Controllers\TypeUserParamController->index()
#4 C:\wamp\www\LaradeMe\vendor\compiled.php(8349): call_user_func_array:{C:\wamp\www\LaradeMe\vendor\compiled.php:8349}()
#5 C:\wamp\www\LaradeMe\vendor\compiled.php(8416): Illuminate\Routing\Controller->callAction()
#6 C:\wamp\www\LaradeMe\vendor\compiled.php(8395): Illuminate\Routing\ControllerDispatcher->call()
#7 C:\wamp\www\LaradeMe\vendor\compiled.php(9027): Illuminate\Routing\ControllerDispatcher->Illuminate\Routing\{closure}()
#8 C:\wamp\www\LaradeMe\vendor\compiled.php(9027): call_user_func:{C:\wamp\www\LaradeMe\vendor\compiled.php:9027}()
#9 C:\wamp\www\LaradeMe\vendor\compiled.php(9010): Illuminate\Pipeline\Pipeline->Illuminate\Pipeline\{closure}()
#10 C:\wamp\www\LaradeMe\vendor\compiled.php(9010): call_user_func:{C:\wamp\www\LaradeMe\vendor\compiled.php:9010}()
#11 C:\wamp\www\LaradeMe\vendor\compiled.php(8396): Illuminate\Pipeline\Pipeline->then()
#12 C:\wamp\www\LaradeMe\vendor\compiled.php(8382): Illuminate\Routing\ControllerDispatcher->callWithinStack()
#13 C:\wamp\www\LaradeMe\vendor\compiled.php(7379): Illuminate\Routing\ControllerDispatcher->dispatch()
#14 C:\wamp\www\LaradeMe\vendor\compiled.php(7350): Illuminate\Routing\Route->runWithCustomDispatcher()
#15 C:\wamp\www\LaradeMe\vendor\compiled.php(7016): Illuminate\Routing\Route->run()
#16 C:\wamp\www\LaradeMe\vendor\compiled.php(9027): Illuminate\Routing\Router->Illuminate\Routing\{closure}()
#17 C:\wamp\www\LaradeMe\vendor\compiled.php(9027): call_user_func:{C:\wamp\www\LaradeMe\vendor\compiled.php:9027}()
#18 C:\wamp\www\LaradeMe\vendor\compiled.php(9010): Illuminate\Pipeline\Pipeline->Illuminate\Pipeline\{closure}()
#19 C:\wamp\www\LaradeMe\vendor\compiled.php(9010): call_user_func:{C:\wamp\www\LaradeMe\vendor\compiled.php:9010}()
#20 C:\wamp\www\LaradeMe\vendor\compiled.php(7017): Illuminate\Pipeline\Pipeline->then()
#21 C:\wamp\www\LaradeMe\vendor\compiled.php(7006): Illuminate\Routing\Router->runRouteWithinStack()
#22 C:\wamp\www\LaradeMe\vendor\compiled.php(6991): Illuminate\Routing\Router->dispatchToRoute()
#23 C:\wamp\www\LaradeMe\vendor\compiled.php(1981): Illuminate\Routing\Router->dispatch()
#24 C:\wamp\www\LaradeMe\vendor\compiled.php(9027): Illuminate\Foundation\Http\Kernel->Illuminate\Foundation\Http\{closure}()
#25 C:\wamp\www\LaradeMe\vendor\compiled.php(9027): call_user_func:{C:\wamp\www\LaradeMe\vendor\compiled.php:9027}()
#26 C:\wamp\www\LaradeMe\vendor\compiled.php(2484): Illuminate\Pipeline\Pipeline->Illuminate\Pipeline\{closure}()
#27 C:\wamp\www\LaradeMe\app\Http\Middleware\VerifyCsrfToken.php(17): Illuminate\Foundation\Http\Middleware\VerifyCsrfToken->handle()
#28 C:\wamp\www\LaradeMe\vendor\compiled.php(9019): App\Http\Middleware\VerifyCsrfToken->handle()
#29 C:\wamp\www\LaradeMe\vendor\compiled.php(12171): Illuminate\Pipeline\Pipeline->Illuminate\Pipeline\{closure}()
#30 C:\wamp\www\LaradeMe\vendor\compiled.php(9019): Illuminate\View\Middleware\ShareErrorsFromSession->handle()
#31 C:\wamp\www\LaradeMe\vendor\compiled.php(10873): Illuminate\Pipeline\Pipeline->Illuminate\Pipeline\{closure}()
#32 C:\wamp\www\LaradeMe\vendor\compiled.php(9019): Illuminate\Session\Middleware\StartSession->handle()
#33 C:\wamp\www\LaradeMe\vendor\compiled.php(11877): Illuminate\Pipeline\Pipeline->Illuminate\Pipeline\{closure}()
#34 C:\wamp\www\LaradeMe\vendor\compiled.php(9019): Illuminate\Cookie\Middleware\AddQueuedCookiesToResponse->handle()
#35 C:\wamp\www\LaradeMe\vendor\compiled.php(11826): Illuminate\Pipeline\Pipeline->Illuminate\Pipeline\{closure}()
#36 C:\wamp\www\LaradeMe\vendor\compiled.php(9019): Illuminate\Cookie\Middleware\EncryptCookies->handle()
#37 C:\wamp\www\LaradeMe\vendor\compiled.php(2524): Illuminate\Pipeline\Pipeline->Illuminate\Pipeline\{closure}()
#38 C:\wamp\www\LaradeMe\vendor\compiled.php(9019): Illuminate\Foundation\Http\Middleware\CheckForMaintenanceMode->handle()
#39 C:\wamp\www\LaradeMe\vendor\compiled.php(9010): Illuminate\Pipeline\Pipeline->Illuminate\Pipeline\{closure}()
#40 C:\wamp\www\LaradeMe\vendor\compiled.php(9010): call_user_func:{C:\wamp\www\LaradeMe\vendor\compiled.php:9010}()
#41 C:\wamp\www\LaradeMe\vendor\compiled.php(1937): Illuminate\Pipeline\Pipeline->then()
#42 C:\wamp\www\LaradeMe\vendor\compiled.php(1924): Illuminate\Foundation\Http\Kernel->sendRequestThroughRouter()
#43 C:\wamp\www\LaradeMe\public\index.php(53): Illuminate\Foundation\Http\Kernel->handle()
#44 C:\wamp\www\LaradeMe\server.php(21): ()
#45 C:\wamp\www\LaradeMe\server.php(0): {main}()
#46 {main}  
[2015-04-30 06:33:43] production.ERROR: exception 'ErrorException' with message 'Argument 1 passed to Illuminate\Database\Grammar::columnize() must be of the type array, integer given, called in C:\wamp\www\LaradeMe\vendor\laravel\framework\src\Illuminate\Database\Query\Grammars\Grammar.php on line 105 and defined' in C:\wamp\www\LaradeMe\vendor\laravel\framework\src\Illuminate\Database\Grammar.php:100
Stack trace:
#0 C:\wamp\www\LaradeMe\vendor\laravel\framework\src\Illuminate\Database\Grammar.php(100): Illuminate\Foundation\Bootstrap\HandleExceptions->handleError(4096, 'Argument 1 pass...', 'C:\\wamp\\www\\Lar...', 100, Array)
#1 C:\wamp\www\LaradeMe\vendor\laravel\framework\src\Illuminate\Database\Query\Grammars\Grammar.php(105): Illuminate\Database\Grammar->columnize(2)
#2 C:\wamp\www\LaradeMe\vendor\laravel\framework\src\Illuminate\Database\Query\Grammars\Grammar.php(60): Illuminate\Database\Query\Grammars\Grammar->compileColumns(Object(Illuminate\Database\Query\Builder), 2)
#3 C:\wamp\www\LaradeMe\vendor\laravel\framework\src\Illuminate\Database\Query\Grammars\Grammar.php(38): Illuminate\Database\Query\Grammars\Grammar->compileComponents(Object(Illuminate\Database\Query\Builder))
#4 C:\wamp\www\LaradeMe\vendor\laravel\framework\src\Illuminate\Database\Query\Grammars\MySqlGrammar.php(34): Illuminate\Database\Query\Grammars\Grammar->compileSelect(Object(Illuminate\Database\Query\Builder))
#5 C:\wamp\www\LaradeMe\vendor\laravel\framework\src\Illuminate\Database\Query\Builder.php(1305): Illuminate\Database\Query\Grammars\MySqlGrammar->compileSelect(Object(Illuminate\Database\Query\Builder))
#6 C:\wamp\www\LaradeMe\vendor\laravel\framework\src\Illuminate\Database\Query\Builder.php(1377): Illuminate\Database\Query\Builder->toSql()
#7 C:\wamp\www\LaradeMe\vendor\laravel\framework\src\Illuminate\Database\Query\Builder.php(1367): Illuminate\Database\Query\Builder->runSelect()
#8 C:\wamp\www\LaradeMe\vendor\laravel\framework\src\Illuminate\Database\Query\Builder.php(1354): Illuminate\Database\Query\Builder->getFresh(2)
#9 C:\wamp\www\LaradeMe\app\Http\Controllers\TypeUserParamController.php(24): Illuminate\Database\Query\Builder->get(2)
#10 [internal function]: App\Http\Controllers\TypeUserParamController->index()
#11 C:\wamp\www\LaradeMe\vendor\compiled.php(8349): call_user_func_array(Array, Array)
#12 C:\wamp\www\LaradeMe\vendor\compiled.php(8416): Illuminate\Routing\Controller->callAction('index', Array)
#13 C:\wamp\www\LaradeMe\vendor\compiled.php(8395): Illuminate\Routing\ControllerDispatcher->call(Object(App\Http\Controllers\TypeUserParamController), Object(Illuminate\Routing\Route), 'index')
#14 [internal function]: Illuminate\Routing\ControllerDispatcher->Illuminate\Routing\{closure}(Object(Illuminate\Http\Request))
#15 C:\wamp\www\LaradeMe\vendor\compiled.php(9027): call_user_func(Object(Closure), Object(Illuminate\Http\Request))
#16 [internal function]: Illuminate\Pipeline\Pipeline->Illuminate\Pipeline\{closure}(Object(Illuminate\Http\Request))
#17 C:\wamp\www\LaradeMe\vendor\compiled.php(9010): call_user_func(Object(Closure), Object(Illuminate\Http\Request))
#18 C:\wamp\www\LaradeMe\vendor\compiled.php(8396): Illuminate\Pipeline\Pipeline->then(Object(Closure))
#19 C:\wamp\www\LaradeMe\vendor\compiled.php(8382): Illuminate\Routing\ControllerDispatcher->callWithinStack(Object(App\Http\Controllers\TypeUserParamController), Object(Illuminate\Routing\Route), Object(Illuminate\Http\Request), 'index')
#20 C:\wamp\www\LaradeMe\vendor\compiled.php(7379): Illuminate\Routing\ControllerDispatcher->dispatch(Object(Illuminate\Routing\Route), Object(Illuminate\Http\Request), 'App\\Http\\Contro...', 'index')
#21 C:\wamp\www\LaradeMe\vendor\compiled.php(7350): Illuminate\Routing\Route->runWithCustomDispatcher(Object(Illuminate\Http\Request))
#22 C:\wamp\www\LaradeMe\vendor\compiled.php(7016): Illuminate\Routing\Route->run(Object(Illuminate\Http\Request))
#23 [internal function]: Illuminate\Routing\Router->Illuminate\Routing\{closure}(Object(Illuminate\Http\Request))
#24 C:\wamp\www\LaradeMe\vendor\compiled.php(9027): call_user_func(Object(Closure), Object(Illuminate\Http\Request))
#25 [internal function]: Illuminate\Pipeline\Pipeline->Illuminate\Pipeline\{closure}(Object(Illuminate\Http\Request))
#26 C:\wamp\www\LaradeMe\vendor\compiled.php(9010): call_user_func(Object(Closure), Object(Illuminate\Http\Request))
#27 C:\wamp\www\LaradeMe\vendor\compiled.php(7017): Illuminate\Pipeline\Pipeline->then(Object(Closure))
#28 C:\wamp\www\LaradeMe\vendor\compiled.php(7006): Illuminate\Routing\Router->runRouteWithinStack(Object(Illuminate\Routing\Route), Object(Illuminate\Http\Request))
#29 C:\wamp\www\LaradeMe\vendor\compiled.php(6991): Illuminate\Routing\Router->dispatchToRoute(Object(Illuminate\Http\Request))
#30 C:\wamp\www\LaradeMe\vendor\compiled.php(1981): Illuminate\Routing\Router->dispatch(Object(Illuminate\Http\Request))
#31 [internal function]: Illuminate\Foundation\Http\Kernel->Illuminate\Foundation\Http\{closure}(Object(Illuminate\Http\Request))
#32 C:\wamp\www\LaradeMe\vendor\compiled.php(9027): call_user_func(Object(Closure), Object(Illuminate\Http\Request))
#33 C:\wamp\www\LaradeMe\vendor\compiled.php(2484): Illuminate\Pipeline\Pipeline->Illuminate\Pipeline\{closure}(Object(Illuminate\Http\Request))
#34 C:\wamp\www\LaradeMe\app\Http\Middleware\VerifyCsrfToken.php(17): Illuminate\Foundation\Http\Middleware\VerifyCsrfToken->handle(Object(Illuminate\Http\Request), Object(Closure))
#35 C:\wamp\www\LaradeMe\vendor\compiled.php(9019): App\Http\Middleware\VerifyCsrfToken->handle(Object(Illuminate\Http\Request), Object(Closure))
#36 C:\wamp\www\LaradeMe\vendor\compiled.php(12171): Illuminate\Pipeline\Pipeline->Illuminate\Pipeline\{closure}(Object(Illuminate\Http\Request))
#37 C:\wamp\www\LaradeMe\vendor\compiled.php(9019): Illuminate\View\Middleware\ShareErrorsFromSession->handle(Object(Illuminate\Http\Request), Object(Closure))
#38 C:\wamp\www\LaradeMe\vendor\compiled.php(10873): Illuminate\Pipeline\Pipeline->Illuminate\Pipeline\{closure}(Object(Illuminate\Http\Request))
#39 C:\wamp\www\LaradeMe\vendor\compiled.php(9019): Illuminate\Session\Middleware\StartSession->handle(Object(Illuminate\Http\Request), Object(Closure))
#40 C:\wamp\www\LaradeMe\vendor\compiled.php(11877): Illuminate\Pipeline\Pipeline->Illuminate\Pipeline\{closure}(Object(Illuminate\Http\Request))
#41 C:\wamp\www\LaradeMe\vendor\compiled.php(9019): Illuminate\Cookie\Middleware\AddQueuedCookiesToResponse->handle(Object(Illuminate\Http\Request), Object(Closure))
#42 C:\wamp\www\LaradeMe\vendor\compiled.php(11826): Illuminate\Pipeline\Pipeline->Illuminate\Pipeline\{closure}(Object(Illuminate\Http\Request))
#43 C:\wamp\www\LaradeMe\vendor\compiled.php(9019): Illuminate\Cookie\Middleware\EncryptCookies->handle(Object(Illuminate\Http\Request), Object(Closure))
#44 C:\wamp\www\LaradeMe\vendor\compiled.php(2524): Illuminate\Pipeline\Pipeline->Illuminate\Pipeline\{closure}(Object(Illuminate\Http\Request))
#45 C:\wamp\www\LaradeMe\vendor\compiled.php(9019): Illuminate\Foundation\Http\Middleware\CheckForMaintenanceMode->handle(Object(Illuminate\Http\Request), Object(Closure))
#46 [internal function]: Illuminate\Pipeline\Pipeline->Illuminate\Pipeline\{closure}(Object(Illuminate\Http\Request))
#47 C:\wamp\www\LaradeMe\vendor\compiled.php(9010): call_user_func(Object(Closure), Object(Illuminate\Http\Request))
#48 C:\wamp\www\LaradeMe\vendor\compiled.php(1937): Illuminate\Pipeline\Pipeline->then(Object(Closure))
#49 C:\wamp\www\LaradeMe\vendor\compiled.php(1924): Illuminate\Foundation\Http\Kernel->sendRequestThroughRouter(Object(Illuminate\Http\Request))
#50 C:\wamp\www\LaradeMe\public\index.php(53): Illuminate\Foundation\Http\Kernel->handle(Object(Illuminate\Http\Request))
#51 C:\wamp\www\LaradeMe\server.php(21): require_once('C:\\wamp\\www\\Lar...')
#52 {main}  
[2015-04-30 06:36:54] production.ERROR: exception 'ErrorException' with message 'Argument 1 passed to Illuminate\Database\Grammar::columnize() must be of the type array, integer given, called in C:\wamp\www\LaradeMe\vendor\laravel\framework\src\Illuminate\Database\Query\Grammars\Grammar.php on line 105 and defined' in C:\wamp\www\LaradeMe\vendor\laravel\framework\src\Illuminate\Database\Grammar.php:100
Stack trace:
#0 C:\wamp\www\LaradeMe\vendor\laravel\framework\src\Illuminate\Database\Grammar.php(100): Illuminate\Foundation\Bootstrap\HandleExceptions->handleError(4096, 'Argument 1 pass...', 'C:\\wamp\\www\\Lar...', 100, Array)
#1 C:\wamp\www\LaradeMe\vendor\laravel\framework\src\Illuminate\Database\Query\Grammars\Grammar.php(105): Illuminate\Database\Grammar->columnize(2)
#2 C:\wamp\www\LaradeMe\vendor\laravel\framework\src\Illuminate\Database\Query\Grammars\Grammar.php(60): Illuminate\Database\Query\Grammars\Grammar->compileColumns(Object(Illuminate\Database\Query\Builder), 2)
#3 C:\wamp\www\LaradeMe\vendor\laravel\framework\src\Illuminate\Database\Query\Grammars\Grammar.php(38): Illuminate\Database\Query\Grammars\Grammar->compileComponents(Object(Illuminate\Database\Query\Builder))
#4 C:\wamp\www\LaradeMe\vendor\laravel\framework\src\Illuminate\Database\Query\Grammars\MySqlGrammar.php(34): Illuminate\Database\Query\Grammars\Grammar->compileSelect(Object(Illuminate\Database\Query\Builder))
#5 C:\wamp\www\LaradeMe\vendor\laravel\framework\src\Illuminate\Database\Query\Builder.php(1305): Illuminate\Database\Query\Grammars\MySqlGrammar->compileSelect(Object(Illuminate\Database\Query\Builder))
#6 C:\wamp\www\LaradeMe\vendor\laravel\framework\src\Illuminate\Database\Query\Builder.php(1377): Illuminate\Database\Query\Builder->toSql()
#7 C:\wamp\www\LaradeMe\vendor\laravel\framework\src\Illuminate\Database\Query\Builder.php(1367): Illuminate\Database\Query\Builder->runSelect()
#8 C:\wamp\www\LaradeMe\vendor\laravel\framework\src\Illuminate\Database\Query\Builder.php(1354): Illuminate\Database\Query\Builder->getFresh(2)
#9 C:\wamp\www\LaradeMe\app\Http\Controllers\TypeUserParamController.php(24): Illuminate\Database\Query\Builder->get(2)
#10 [internal function]: App\Http\Controllers\TypeUserParamController->index()
#11 C:\wamp\www\LaradeMe\vendor\compiled.php(8349): call_user_func_array(Array, Array)
#12 C:\wamp\www\LaradeMe\vendor\compiled.php(8416): Illuminate\Routing\Controller->callAction('index', Array)
#13 C:\wamp\www\LaradeMe\vendor\compiled.php(8395): Illuminate\Routing\ControllerDispatcher->call(Object(App\Http\Controllers\TypeUserParamController), Object(Illuminate\Routing\Route), 'index')
#14 [internal function]: Illuminate\Routing\ControllerDispatcher->Illuminate\Routing\{closure}(Object(Illuminate\Http\Request))
#15 C:\wamp\www\LaradeMe\vendor\compiled.php(9027): call_user_func(Object(Closure), Object(Illuminate\Http\Request))
#16 [internal function]: Illuminate\Pipeline\Pipeline->Illuminate\Pipeline\{closure}(Object(Illuminate\Http\Request))
#17 C:\wamp\www\LaradeMe\vendor\compiled.php(9010): call_user_func(Object(Closure), Object(Illuminate\Http\Request))
#18 C:\wamp\www\LaradeMe\vendor\compiled.php(8396): Illuminate\Pipeline\Pipeline->then(Object(Closure))
#19 C:\wamp\www\LaradeMe\vendor\compiled.php(8382): Illuminate\Routing\ControllerDispatcher->callWithinStack(Object(App\Http\Controllers\TypeUserParamController), Object(Illuminate\Routing\Route), Object(Illuminate\Http\Request), 'index')
#20 C:\wamp\www\LaradeMe\vendor\compiled.php(7379): Illuminate\Routing\ControllerDispatcher->dispatch(Object(Illuminate\Routing\Route), Object(Illuminate\Http\Request), 'App\\Http\\Contro...', 'index')
#21 C:\wamp\www\LaradeMe\vendor\compiled.php(7350): Illuminate\Routing\Route->runWithCustomDispatcher(Object(Illuminate\Http\Request))
#22 C:\wamp\www\LaradeMe\vendor\compiled.php(7016): Illuminate\Routing\Route->run(Object(Illuminate\Http\Request))
#23 [internal function]: Illuminate\Routing\Router->Illuminate\Routing\{closure}(Object(Illuminate\Http\Request))
#24 C:\wamp\www\LaradeMe\vendor\compiled.php(9027): call_user_func(Object(Closure), Object(Illuminate\Http\Request))
#25 [internal function]: Illuminate\Pipeline\Pipeline->Illuminate\Pipeline\{closure}(Object(Illuminate\Http\Request))
#26 C:\wamp\www\LaradeMe\vendor\compiled.php(9010): call_user_func(Object(Closure), Object(Illuminate\Http\Request))
#27 C:\wamp\www\LaradeMe\vendor\compiled.php(7017): Illuminate\Pipeline\Pipeline->then(Object(Closure))
#28 C:\wamp\www\LaradeMe\vendor\compiled.php(7006): Illuminate\Routing\Router->runRouteWithinStack(Object(Illuminate\Routing\Route), Object(Illuminate\Http\Request))
#29 C:\wamp\www\LaradeMe\vendor\compiled.php(6991): Illuminate\Routing\Router->dispatchToRoute(Object(Illuminate\Http\Request))
#30 C:\wamp\www\LaradeMe\vendor\compiled.php(1981): Illuminate\Routing\Router->dispatch(Object(Illuminate\Http\Request))
#31 [internal function]: Illuminate\Foundation\Http\Kernel->Illuminate\Foundation\Http\{closure}(Object(Illuminate\Http\Request))
#32 C:\wamp\www\LaradeMe\vendor\compiled.php(9027): call_user_func(Object(Closure), Object(Illuminate\Http\Request))
#33 C:\wamp\www\LaradeMe\vendor\compiled.php(2484): Illuminate\Pipeline\Pipeline->Illuminate\Pipeline\{closure}(Object(Illuminate\Http\Request))
#34 C:\wamp\www\LaradeMe\app\Http\Middleware\VerifyCsrfToken.php(17): Illuminate\Foundation\Http\Middleware\VerifyCsrfToken->handle(Object(Illuminate\Http\Request), Object(Closure))
#35 C:\wamp\www\LaradeMe\vendor\compiled.php(9019): App\Http\Middleware\VerifyCsrfToken->handle(Object(Illuminate\Http\Request), Object(Closure))
#36 C:\wamp\www\LaradeMe\vendor\compiled.php(12171): Illuminate\Pipeline\Pipeline->Illuminate\Pipeline\{closure}(Object(Illuminate\Http\Request))
#37 C:\wamp\www\LaradeMe\vendor\compiled.php(9019): Illuminate\View\Middleware\ShareErrorsFromSession->handle(Object(Illuminate\Http\Request), Object(Closure))
#38 C:\wamp\www\LaradeMe\vendor\compiled.php(10873): Illuminate\Pipeline\Pipeline->Illuminate\Pipeline\{closure}(Object(Illuminate\Http\Request))
#39 C:\wamp\www\LaradeMe\vendor\compiled.php(9019): Illuminate\Session\Middleware\StartSession->handle(Object(Illuminate\Http\Request), Object(Closure))
#40 C:\wamp\www\LaradeMe\vendor\compiled.php(11877): Illuminate\Pipeline\Pipeline->Illuminate\Pipeline\{closure}(Object(Illuminate\Http\Request))
#41 C:\wamp\www\LaradeMe\vendor\compiled.php(9019): Illuminate\Cookie\Middleware\AddQueuedCookiesToResponse->handle(Object(Illuminate\Http\Request), Object(Closure))
#42 C:\wamp\www\LaradeMe\vendor\compiled.php(11826): Illuminate\Pipeline\Pipeline->Illuminate\Pipeline\{closure}(Object(Illuminate\Http\Request))
#43 C:\wamp\www\LaradeMe\vendor\compiled.php(9019): Illuminate\Cookie\Middleware\EncryptCookies->handle(Object(Illuminate\Http\Request), Object(Closure))
#44 C:\wamp\www\LaradeMe\vendor\compiled.php(2524): Illuminate\Pipeline\Pipeline->Illuminate\Pipeline\{closure}(Object(Illuminate\Http\Request))
#45 C:\wamp\www\LaradeMe\vendor\compiled.php(9019): Illuminate\Foundation\Http\Middleware\CheckForMaintenanceMode->handle(Object(Illuminate\Http\Request), Object(Closure))
#46 [internal function]: Illuminate\Pipeline\Pipeline->Illuminate\Pipeline\{closure}(Object(Illuminate\Http\Request))
#47 C:\wamp\www\LaradeMe\vendor\compiled.php(9010): call_user_func(Object(Closure), Object(Illuminate\Http\Request))
#48 C:\wamp\www\LaradeMe\vendor\compiled.php(1937): Illuminate\Pipeline\Pipeline->then(Object(Closure))
#49 C:\wamp\www\LaradeMe\vendor\compiled.php(1924): Illuminate\Foundation\Http\Kernel->sendRequestThroughRouter(Object(Illuminate\Http\Request))
#50 C:\wamp\www\LaradeMe\public\index.php(53): Illuminate\Foundation\Http\Kernel->handle(Object(Illuminate\Http\Request))
#51 C:\wamp\www\LaradeMe\server.php(21): require_once('C:\\wamp\\www\\Lar...')
#52 {main}  
[2015-04-30 06:38:47] production.ERROR: exception 'ErrorException' with message 'Argument 1 passed to Illuminate\Database\Grammar::columnize() must be of the type array, integer given, called in C:\wamp\www\LaradeMe\vendor\laravel\framework\src\Illuminate\Database\Query\Grammars\Grammar.php on line 105 and defined' in C:\wamp\www\LaradeMe\vendor\laravel\framework\src\Illuminate\Database\Grammar.php:100
Stack trace:
#0 C:\wamp\www\LaradeMe\vendor\laravel\framework\src\Illuminate\Database\Grammar.php(100): Illuminate\Foundation\Bootstrap\HandleExceptions->handleError(4096, 'Argument 1 pass...', 'C:\\wamp\\www\\Lar...', 100, Array)
#1 C:\wamp\www\LaradeMe\vendor\laravel\framework\src\Illuminate\Database\Query\Grammars\Grammar.php(105): Illuminate\Database\Grammar->columnize(2)
#2 C:\wamp\www\LaradeMe\vendor\laravel\framework\src\Illuminate\Database\Query\Grammars\Grammar.php(60): Illuminate\Database\Query\Grammars\Grammar->compileColumns(Object(Illuminate\Database\Query\Builder), 2)
#3 C:\wamp\www\LaradeMe\vendor\laravel\framework\src\Illuminate\Database\Query\Grammars\Grammar.php(38): Illuminate\Database\Query\Grammars\Grammar->compileComponents(Object(Illuminate\Database\Query\Builder))
#4 C:\wamp\www\LaradeMe\vendor\laravel\framework\src\Illuminate\Database\Query\Grammars\MySqlGrammar.php(34): Illuminate\Database\Query\Grammars\Grammar->compileSelect(Object(Illuminate\Database\Query\Builder))
#5 C:\wamp\www\LaradeMe\vendor\laravel\framework\src\Illuminate\Database\Query\Builder.php(1305): Illuminate\Database\Query\Grammars\MySqlGrammar->compileSelect(Object(Illuminate\Database\Query\Builder))
#6 C:\wamp\www\LaradeMe\vendor\laravel\framework\src\Illuminate\Database\Query\Builder.php(1377): Illuminate\Database\Query\Builder->toSql()
#7 C:\wamp\www\LaradeMe\vendor\laravel\framework\src\Illuminate\Database\Query\Builder.php(1367): Illuminate\Database\Query\Builder->runSelect()
#8 C:\wamp\www\LaradeMe\vendor\laravel\framework\src\Illuminate\Database\Query\Builder.php(1354): Illuminate\Database\Query\Builder->getFresh(2)
#9 C:\wamp\www\LaradeMe\app\Http\Controllers\TypeUserParamController.php(24): Illuminate\Database\Query\Builder->get(2)
#10 [internal function]: App\Http\Controllers\TypeUserParamController->index()
#11 C:\wamp\www\LaradeMe\vendor\compiled.php(8349): call_user_func_array(Array, Array)
#12 C:\wamp\www\LaradeMe\vendor\compiled.php(8416): Illuminate\Routing\Controller->callAction('index', Array)
#13 C:\wamp\www\LaradeMe\vendor\compiled.php(8395): Illuminate\Routing\ControllerDispatcher->call(Object(App\Http\Controllers\TypeUserParamController), Object(Illuminate\Routing\Route), 'index')
#14 [internal function]: Illuminate\Routing\ControllerDispatcher->Illuminate\Routing\{closure}(Object(Illuminate\Http\Request))
#15 C:\wamp\www\LaradeMe\vendor\compiled.php(9027): call_user_func(Object(Closure), Object(Illuminate\Http\Request))
#16 [internal function]: Illuminate\Pipeline\Pipeline->Illuminate\Pipeline\{closure}(Object(Illuminate\Http\Request))
#17 C:\wamp\www\LaradeMe\vendor\compiled.php(9010): call_user_func(Object(Closure), Object(Illuminate\Http\Request))
#18 C:\wamp\www\LaradeMe\vendor\compiled.php(8396): Illuminate\Pipeline\Pipeline->then(Object(Closure))
#19 C:\wamp\www\LaradeMe\vendor\compiled.php(8382): Illuminate\Routing\ControllerDispatcher->callWithinStack(Object(App\Http\Controllers\TypeUserParamController), Object(Illuminate\Routing\Route), Object(Illuminate\Http\Request), 'index')
#20 C:\wamp\www\LaradeMe\vendor\compiled.php(7379): Illuminate\Routing\ControllerDispatcher->dispatch(Object(Illuminate\Routing\Route), Object(Illuminate\Http\Request), 'App\\Http\\Contro...', 'index')
#21 C:\wamp\www\LaradeMe\vendor\compiled.php(7350): Illuminate\Routing\Route->runWithCustomDispatcher(Object(Illuminate\Http\Request))
#22 C:\wamp\www\LaradeMe\vendor\compiled.php(7016): Illuminate\Routing\Route->run(Object(Illuminate\Http\Request))
#23 [internal function]: Illuminate\Routing\Router->Illuminate\Routing\{closure}(Object(Illuminate\Http\Request))
#24 C:\wamp\www\LaradeMe\vendor\compiled.php(9027): call_user_func(Object(Closure), Object(Illuminate\Http\Request))
#25 [internal function]: Illuminate\Pipeline\Pipeline->Illuminate\Pipeline\{closure}(Object(Illuminate\Http\Request))
#26 C:\wamp\www\LaradeMe\vendor\compiled.php(9010): call_user_func(Object(Closure), Object(Illuminate\Http\Request))
#27 C:\wamp\www\LaradeMe\vendor\compiled.php(7017): Illuminate\Pipeline\Pipeline->then(Object(Closure))
#28 C:\wamp\www\LaradeMe\vendor\compiled.php(7006): Illuminate\Routing\Router->runRouteWithinStack(Object(Illuminate\Routing\Route), Object(Illuminate\Http\Request))
#29 C:\wamp\www\LaradeMe\vendor\compiled.php(6991): Illuminate\Routing\Router->dispatchToRoute(Object(Illuminate\Http\Request))
#30 C:\wamp\www\LaradeMe\vendor\compiled.php(1981): Illuminate\Routing\Router->dispatch(Object(Illuminate\Http\Request))
#31 [internal function]: Illuminate\Foundation\Http\Kernel->Illuminate\Foundation\Http\{closure}(Object(Illuminate\Http\Request))
#32 C:\wamp\www\LaradeMe\vendor\compiled.php(9027): call_user_func(Object(Closure), Object(Illuminate\Http\Request))
#33 C:\wamp\www\LaradeMe\vendor\compiled.php(2484): Illuminate\Pipeline\Pipeline->Illuminate\Pipeline\{closure}(Object(Illuminate\Http\Request))
#34 C:\wamp\www\LaradeMe\app\Http\Middleware\VerifyCsrfToken.php(17): Illuminate\Foundation\Http\Middleware\VerifyCsrfToken->handle(Object(Illuminate\Http\Request), Object(Closure))
#35 C:\wamp\www\LaradeMe\vendor\compiled.php(9019): App\Http\Middleware\VerifyCsrfToken->handle(Object(Illuminate\Http\Request), Object(Closure))
#36 C:\wamp\www\LaradeMe\vendor\compiled.php(12171): Illuminate\Pipeline\Pipeline->Illuminate\Pipeline\{closure}(Object(Illuminate\Http\Request))
#37 C:\wamp\www\LaradeMe\vendor\compiled.php(9019): Illuminate\View\Middleware\ShareErrorsFromSession->handle(Object(Illuminate\Http\Request), Object(Closure))
#38 C:\wamp\www\LaradeMe\vendor\compiled.php(10873): Illuminate\Pipeline\Pipeline->Illuminate\Pipeline\{closure}(Object(Illuminate\Http\Request))
#39 C:\wamp\www\LaradeMe\vendor\compiled.php(9019): Illuminate\Session\Middleware\StartSession->handle(Object(Illuminate\Http\Request), Object(Closure))
#40 C:\wamp\www\LaradeMe\vendor\compiled.php(11877): Illuminate\Pipeline\Pipeline->Illuminate\Pipeline\{closure}(Object(Illuminate\Http\Request))
#41 C:\wamp\www\LaradeMe\vendor\compiled.php(9019): Illuminate\Cookie\Middleware\AddQueuedCookiesToResponse->handle(Object(Illuminate\Http\Request), Object(Closure))
#42 C:\wamp\www\LaradeMe\vendor\compiled.php(11826): Illuminate\Pipeline\Pipeline->Illuminate\Pipeline\{closure}(Object(Illuminate\Http\Request))
#43 C:\wamp\www\LaradeMe\vendor\compiled.php(9019): Illuminate\Cookie\Middleware\EncryptCookies->handle(Object(Illuminate\Http\Request), Object(Closure))
#44 C:\wamp\www\LaradeMe\vendor\compiled.php(2524): Illuminate\Pipeline\Pipeline->Illuminate\Pipeline\{closure}(Object(Illuminate\Http\Request))
#45 C:\wamp\www\LaradeMe\vendor\compiled.php(9019): Illuminate\Foundation\Http\Middleware\CheckForMaintenanceMode->handle(Object(Illuminate\Http\Request), Object(Closure))
#46 [internal function]: Illuminate\Pipeline\Pipeline->Illuminate\Pipeline\{closure}(Object(Illuminate\Http\Request))
#47 C:\wamp\www\LaradeMe\vendor\compiled.php(9010): call_user_func(Object(Closure), Object(Illuminate\Http\Request))
#48 C:\wamp\www\LaradeMe\vendor\compiled.php(1937): Illuminate\Pipeline\Pipeline->then(Object(Closure))
#49 C:\wamp\www\LaradeMe\vendor\compiled.php(1924): Illuminate\Foundation\Http\Kernel->sendRequestThroughRouter(Object(Illuminate\Http\Request))
#50 C:\wamp\www\LaradeMe\public\index.php(53): Illuminate\Foundation\Http\Kernel->handle(Object(Illuminate\Http\Request))
#51 C:\wamp\www\LaradeMe\server.php(21): require_once('C:\\wamp\\www\\Lar...')
#52 {main}  
[2015-04-30 06:38:47] production.ERROR: exception 'Symfony\Component\Debug\Exception\FatalErrorException' with message 'Class 'App\Http\Controllers\Config' not found' in C:\wamp\www\LaradeMe\app\Http\Controllers\ParamController.php:25
Stack trace:
#0 C:\wamp\www\LaradeMe\vendor\compiled.php(1787): Symfony\Component\Debug\Exception\FatalErrorException->__construct()
#1 C:\wamp\www\LaradeMe\vendor\compiled.php(1782): Illuminate\Foundation\Bootstrap\HandleExceptions->fatalExceptionFromError()
#2 C:\wamp\www\LaradeMe\vendor\compiled.php(0): Illuminate\Foundation\Bootstrap\HandleExceptions->handleShutdown()
#3 C:\wamp\www\LaradeMe\vendor\compiled.php(8349): App\Http\Controllers\ParamController->index()
#4 C:\wamp\www\LaradeMe\vendor\compiled.php(8349): call_user_func_array:{C:\wamp\www\LaradeMe\vendor\compiled.php:8349}()
#5 C:\wamp\www\LaradeMe\vendor\compiled.php(8416): Illuminate\Routing\Controller->callAction()
#6 C:\wamp\www\LaradeMe\vendor\compiled.php(8395): Illuminate\Routing\ControllerDispatcher->call()
#7 C:\wamp\www\LaradeMe\vendor\compiled.php(9027): Illuminate\Routing\ControllerDispatcher->Illuminate\Routing\{closure}()
#8 C:\wamp\www\LaradeMe\vendor\compiled.php(9027): call_user_func:{C:\wamp\www\LaradeMe\vendor\compiled.php:9027}()
#9 C:\wamp\www\LaradeMe\vendor\compiled.php(9010): Illuminate\Pipeline\Pipeline->Illuminate\Pipeline\{closure}()
#10 C:\wamp\www\LaradeMe\vendor\compiled.php(9010): call_user_func:{C:\wamp\www\LaradeMe\vendor\compiled.php:9010}()
#11 C:\wamp\www\LaradeMe\vendor\compiled.php(8396): Illuminate\Pipeline\Pipeline->then()
#12 C:\wamp\www\LaradeMe\vendor\compiled.php(8382): Illuminate\Routing\ControllerDispatcher->callWithinStack()
#13 C:\wamp\www\LaradeMe\vendor\compiled.php(7379): Illuminate\Routing\ControllerDispatcher->dispatch()
#14 C:\wamp\www\LaradeMe\vendor\compiled.php(7350): Illuminate\Routing\Route->runWithCustomDispatcher()
#15 C:\wamp\www\LaradeMe\vendor\compiled.php(7016): Illuminate\Routing\Route->run()
#16 C:\wamp\www\LaradeMe\vendor\compiled.php(9027): Illuminate\Routing\Router->Illuminate\Routing\{closure}()
#17 C:\wamp\www\LaradeMe\vendor\compiled.php(9027): call_user_func:{C:\wamp\www\LaradeMe\vendor\compiled.php:9027}()
#18 C:\wamp\www\LaradeMe\vendor\compiled.php(9010): Illuminate\Pipeline\Pipeline->Illuminate\Pipeline\{closure}()
#19 C:\wamp\www\LaradeMe\vendor\compiled.php(9010): call_user_func:{C:\wamp\www\LaradeMe\vendor\compiled.php:9010}()
#20 C:\wamp\www\LaradeMe\vendor\compiled.php(7017): Illuminate\Pipeline\Pipeline->then()
#21 C:\wamp\www\LaradeMe\vendor\compiled.php(7006): Illuminate\Routing\Router->runRouteWithinStack()
#22 C:\wamp\www\LaradeMe\vendor\compiled.php(6991): Illuminate\Routing\Router->dispatchToRoute()
#23 C:\wamp\www\LaradeMe\vendor\compiled.php(1981): Illuminate\Routing\Router->dispatch()
#24 C:\wamp\www\LaradeMe\vendor\compiled.php(9027): Illuminate\Foundation\Http\Kernel->Illuminate\Foundation\Http\{closure}()
#25 C:\wamp\www\LaradeMe\vendor\compiled.php(9027): call_user_func:{C:\wamp\www\LaradeMe\vendor\compiled.php:9027}()
#26 C:\wamp\www\LaradeMe\vendor\compiled.php(2484): Illuminate\Pipeline\Pipeline->Illuminate\Pipeline\{closure}()
#27 C:\wamp\www\LaradeMe\app\Http\Middleware\VerifyCsrfToken.php(17): Illuminate\Foundation\Http\Middleware\VerifyCsrfToken->handle()
#28 C:\wamp\www\LaradeMe\vendor\compiled.php(9019): App\Http\Middleware\VerifyCsrfToken->handle()
#29 C:\wamp\www\LaradeMe\vendor\compiled.php(12171): Illuminate\Pipeline\Pipeline->Illuminate\Pipeline\{closure}()
#30 C:\wamp\www\LaradeMe\vendor\compiled.php(9019): Illuminate\View\Middleware\ShareErrorsFromSession->handle()
#31 C:\wamp\www\LaradeMe\vendor\compiled.php(10873): Illuminate\Pipeline\Pipeline->Illuminate\Pipeline\{closure}()
#32 C:\wamp\www\LaradeMe\vendor\compiled.php(9019): Illuminate\Session\Middleware\StartSession->handle()
#33 C:\wamp\www\LaradeMe\vendor\compiled.php(11877): Illuminate\Pipeline\Pipeline->Illuminate\Pipeline\{closure}()
#34 C:\wamp\www\LaradeMe\vendor\compiled.php(9019): Illuminate\Cookie\Middleware\AddQueuedCookiesToResponse->handle()
#35 C:\wamp\www\LaradeMe\vendor\compiled.php(11826): Illuminate\Pipeline\Pipeline->Illuminate\Pipeline\{closure}()
#36 C:\wamp\www\LaradeMe\vendor\compiled.php(9019): Illuminate\Cookie\Middleware\EncryptCookies->handle()
#37 C:\wamp\www\LaradeMe\vendor\compiled.php(2524): Illuminate\Pipeline\Pipeline->Illuminate\Pipeline\{closure}()
#38 C:\wamp\www\LaradeMe\vendor\compiled.php(9019): Illuminate\Foundation\Http\Middleware\CheckForMaintenanceMode->handle()
#39 C:\wamp\www\LaradeMe\vendor\compiled.php(9010): Illuminate\Pipeline\Pipeline->Illuminate\Pipeline\{closure}()
#40 C:\wamp\www\LaradeMe\vendor\compiled.php(9010): call_user_func:{C:\wamp\www\LaradeMe\vendor\compiled.php:9010}()
#41 C:\wamp\www\LaradeMe\vendor\compiled.php(1937): Illuminate\Pipeline\Pipeline->then()
#42 C:\wamp\www\LaradeMe\vendor\compiled.php(1924): Illuminate\Foundation\Http\Kernel->sendRequestThroughRouter()
#43 C:\wamp\www\LaradeMe\public\index.php(53): Illuminate\Foundation\Http\Kernel->handle()
#44 C:\wamp\www\LaradeMe\server.php(21): ()
#45 C:\wamp\www\LaradeMe\server.php(0): {main}()
#46 {main}  
[2015-04-30 07:44:21] production.ERROR: exception 'PDOException' with message 'SQLSTATE[HY000] [2002] No connection could be made because the target machine actively refused it.
' in C:\wamp\www\LaradeMe\vendor\laravel\framework\src\Illuminate\Database\Connectors\Connector.php:47
Stack trace:
#0 C:\wamp\www\LaradeMe\vendor\laravel\framework\src\Illuminate\Database\Connectors\Connector.php(47): PDO->__construct('mysql:host=loca...', 'root', '', Array)
#1 C:\wamp\www\LaradeMe\vendor\laravel\framework\src\Illuminate\Database\Connectors\MySqlConnector.php(20): Illuminate\Database\Connectors\Connector->createConnection('mysql:host=loca...', Array, Array)
#2 C:\wamp\www\LaradeMe\vendor\compiled.php(10761): Illuminate\Database\Connectors\MySqlConnector->connect(Array)
#3 C:\wamp\www\LaradeMe\vendor\compiled.php(10757): Illuminate\Database\Connectors\ConnectionFactory->createSingleConnection(Array)
#4 C:\wamp\www\LaradeMe\vendor\compiled.php(10675): Illuminate\Database\Connectors\ConnectionFactory->make(Array, 'mysql')
#5 C:\wamp\www\LaradeMe\vendor\compiled.php(10630): Illuminate\Database\DatabaseManager->makeConnection('mysql')
#6 C:\wamp\www\LaradeMe\vendor\compiled.php(10509): Illuminate\Database\DatabaseManager->connection(NULL)
#7 C:\wamp\www\LaradeMe\vendor\compiled.php(10496): Illuminate\Database\Eloquent\Model::resolveConnection(NULL)
#8 C:\wamp\www\LaradeMe\vendor\compiled.php(9985): Illuminate\Database\Eloquent\Model->getConnection()
#9 C:\wamp\www\LaradeMe\vendor\compiled.php(9962): Illuminate\Database\Eloquent\Model->newBaseQueryBuilder()
#10 C:\wamp\www\LaradeMe\vendor\compiled.php(9952): Illuminate\Database\Eloquent\Model->newQueryWithoutScopes()
#11 C:\wamp\www\LaradeMe\vendor\compiled.php(718): Illuminate\Database\Eloquent\Model->newQuery()
#12 C:\wamp\www\LaradeMe\vendor\compiled.php(514): Illuminate\Auth\EloquentUserProvider->retrieveByCredentials(Array)
#13 C:\wamp\www\LaradeMe\vendor\compiled.php(2031): Illuminate\Auth\Guard->attempt(Array, false)
#14 [internal function]: App\Http\Controllers\Auth\AuthController->postLogin(Object(Illuminate\Http\Request))
#15 C:\wamp\www\LaradeMe\vendor\compiled.php(8349): call_user_func_array(Array, Array)
#16 C:\wamp\www\LaradeMe\vendor\compiled.php(8416): Illuminate\Routing\Controller->callAction('postLogin', Array)
#17 C:\wamp\www\LaradeMe\vendor\compiled.php(8395): Illuminate\Routing\ControllerDispatcher->call(Object(App\Http\Controllers\Auth\AuthController), Object(Illuminate\Routing\Route), 'postLogin')
#18 [internal function]: Illuminate\Routing\ControllerDispatcher->Illuminate\Routing\{closure}(Object(Illuminate\Http\Request))
#19 C:\wamp\www\LaradeMe\vendor\compiled.php(9027): call_user_func(Object(Closure), Object(Illuminate\Http\Request))
#20 C:\wamp\www\LaradeMe\app\Http\Middleware\RedirectIfAuthenticated.php(41): Illuminate\Pipeline\Pipeline->Illuminate\Pipeline\{closure}(Object(Illuminate\Http\Request))
#21 C:\wamp\www\LaradeMe\vendor\compiled.php(9019): App\Http\Middleware\RedirectIfAuthenticated->handle(Object(Illuminate\Http\Request), Object(Closure))
#22 [internal function]: Illuminate\Pipeline\Pipeline->Illuminate\Pipeline\{closure}(Object(Illuminate\Http\Request))
#23 C:\wamp\www\LaradeMe\vendor\compiled.php(9010): call_user_func(Object(Closure), Object(Illuminate\Http\Request))
#24 C:\wamp\www\LaradeMe\vendor\compiled.php(8396): Illuminate\Pipeline\Pipeline->then(Object(Closure))
#25 C:\wamp\www\LaradeMe\vendor\compiled.php(8382): Illuminate\Routing\ControllerDispatcher->callWithinStack(Object(App\Http\Controllers\Auth\AuthController), Object(Illuminate\Routing\Route), Object(Illuminate\Http\Request), 'postLogin')
#26 C:\wamp\www\LaradeMe\vendor\compiled.php(7379): Illuminate\Routing\ControllerDispatcher->dispatch(Object(Illuminate\Routing\Route), Object(Illuminate\Http\Request), 'App\\Http\\Contro...', 'postLogin')
#27 C:\wamp\www\LaradeMe\vendor\compiled.php(7350): Illuminate\Routing\Route->runWithCustomDispatcher(Object(Illuminate\Http\Request))
#28 C:\wamp\www\LaradeMe\vendor\compiled.php(7016): Illuminate\Routing\Route->run(Object(Illuminate\Http\Request))
#29 [internal function]: Illuminate\Routing\Router->Illuminate\Routing\{closure}(Object(Illuminate\Http\Request))
#30 C:\wamp\www\LaradeMe\vendor\compiled.php(9027): call_user_func(Object(Closure), Object(Illuminate\Http\Request))
#31 [internal function]: Illuminate\Pipeline\Pipeline->Illuminate\Pipeline\{closure}(Object(Illuminate\Http\Request))
#32 C:\wamp\www\LaradeMe\vendor\compiled.php(9010): call_user_func(Object(Closure), Object(Illuminate\Http\Request))
#33 C:\wamp\www\LaradeMe\vendor\compiled.php(7017): Illuminate\Pipeline\Pipeline->then(Object(Closure))
#34 C:\wamp\www\LaradeMe\vendor\compiled.php(7006): Illuminate\Routing\Router->runRouteWithinStack(Object(Illuminate\Routing\Route), Object(Illuminate\Http\Request))
#35 C:\wamp\www\LaradeMe\vendor\compiled.php(6991): Illuminate\Routing\Router->dispatchToRoute(Object(Illuminate\Http\Request))
#36 C:\wamp\www\LaradeMe\vendor\compiled.php(1981): Illuminate\Routing\Router->dispatch(Object(Illuminate\Http\Request))
#37 [internal function]: Illuminate\Foundation\Http\Kernel->Illuminate\Foundation\Http\{closure}(Object(Illuminate\Http\Request))
#38 C:\wamp\www\LaradeMe\vendor\compiled.php(9027): call_user_func(Object(Closure), Object(Illuminate\Http\Request))
#39 C:\wamp\www\LaradeMe\vendor\compiled.php(2484): Illuminate\Pipeline\Pipeline->Illuminate\Pipeline\{closure}(Object(Illuminate\Http\Request))
#40 C:\wamp\www\LaradeMe\app\Http\Middleware\VerifyCsrfToken.php(17): Illuminate\Foundation\Http\Middleware\VerifyCsrfToken->handle(Object(Illuminate\Http\Request), Object(Closure))
#41 C:\wamp\www\LaradeMe\vendor\compiled.php(9019): App\Http\Middleware\VerifyCsrfToken->handle(Object(Illuminate\Http\Request), Object(Closure))
#42 C:\wamp\www\LaradeMe\vendor\compiled.php(12171): Illuminate\Pipeline\Pipeline->Illuminate\Pipeline\{closure}(Object(Illuminate\Http\Request))
#43 C:\wamp\www\LaradeMe\vendor\compiled.php(9019): Illuminate\View\Middleware\ShareErrorsFromSession->handle(Object(Illuminate\Http\Request), Object(Closure))
#44 C:\wamp\www\LaradeMe\vendor\compiled.php(10873): Illuminate\Pipeline\Pipeline->Illuminate\Pipeline\{closure}(Object(Illuminate\Http\Request))
#45 C:\wamp\www\LaradeMe\vendor\compiled.php(9019): Illuminate\Session\Middleware\StartSession->handle(Object(Illuminate\Http\Request), Object(Closure))
#46 C:\wamp\www\LaradeMe\vendor\compiled.php(11877): Illuminate\Pipeline\Pipeline->Illuminate\Pipeline\{closure}(Object(Illuminate\Http\Request))
#47 C:\wamp\www\LaradeMe\vendor\compiled.php(9019): Illuminate\Cookie\Middleware\AddQueuedCookiesToResponse->handle(Object(Illuminate\Http\Request), Object(Closure))
#48 C:\wamp\www\LaradeMe\vendor\compiled.php(11826): Illuminate\Pipeline\Pipeline->Illuminate\Pipeline\{closure}(Object(Illuminate\Http\Request))
#49 C:\wamp\www\LaradeMe\vendor\compiled.php(9019): Illuminate\Cookie\Middleware\EncryptCookies->handle(Object(Illuminate\Http\Request), Object(Closure))
#50 C:\wamp\www\LaradeMe\vendor\compiled.php(2524): Illuminate\Pipeline\Pipeline->Illuminate\Pipeline\{closure}(Object(Illuminate\Http\Request))
#51 C:\wamp\www\LaradeMe\vendor\compiled.php(9019): Illuminate\Foundation\Http\Middleware\CheckForMaintenanceMode->handle(Object(Illuminate\Http\Request), Object(Closure))
#52 [internal function]: Illuminate\Pipeline\Pipeline->Illuminate\Pipeline\{closure}(Object(Illuminate\Http\Request))
#53 C:\wamp\www\LaradeMe\vendor\compiled.php(9010): call_user_func(Object(Closure), Object(Illuminate\Http\Request))
#54 C:\wamp\www\LaradeMe\vendor\compiled.php(1937): Illuminate\Pipeline\Pipeline->then(Object(Closure))
#55 C:\wamp\www\LaradeMe\vendor\compiled.php(1924): Illuminate\Foundation\Http\Kernel->sendRequestThroughRouter(Object(Illuminate\Http\Request))
#56 C:\wamp\www\LaradeMe\public\index.php(53): Illuminate\Foundation\Http\Kernel->handle(Object(Illuminate\Http\Request))
#57 C:\wamp\www\LaradeMe\server.php(21): require_once('C:\\wamp\\www\\Lar...')
#58 {main}  
