[2015-06-08 06:24:41] production.ERROR: exception 'PDOException' with message 'SQLSTATE[HY000] [2002] No connection could be made because the target machine actively refused it.
' in C:\wamp\www\academe_platform\vendor\laravel\framework\src\Illuminate\Database\Connectors\Connector.php:47
Stack trace:
#0 C:\wamp\www\academe_platform\vendor\laravel\framework\src\Illuminate\Database\Connectors\Connector.php(47): PDO->__construct('mysql:host=loca...', 'root', '', Array)
#1 C:\wamp\www\academe_platform\vendor\laravel\framework\src\Illuminate\Database\Connectors\MySqlConnector.php(20): Illuminate\Database\Connectors\Connector->createConnection('mysql:host=loca...', Array, Array)
#2 C:\wamp\www\academe_platform\vendor\compiled.php(10761): Illuminate\Database\Connectors\MySqlConnector->connect(Array)
#3 C:\wamp\www\academe_platform\vendor\compiled.php(10757): Illuminate\Database\Connectors\ConnectionFactory->createSingleConnection(Array)
#4 C:\wamp\www\academe_platform\vendor\compiled.php(10675): Illuminate\Database\Connectors\ConnectionFactory->make(Array, 'mysql')
#5 C:\wamp\www\academe_platform\vendor\compiled.php(10630): Illuminate\Database\DatabaseManager->makeConnection('mysql')
#6 C:\wamp\www\academe_platform\vendor\compiled.php(10724): Illuminate\Database\DatabaseManager->connection()
#7 C:\wamp\www\academe_platform\vendor\compiled.php(5360): Illuminate\Database\DatabaseManager->__call('table', Array)
#8 C:\wamp\www\academe_platform\vendor\compiled.php(5360): Illuminate\Database\DatabaseManager->table('param')
#9 C:\wamp\www\academe_platform\app\Http\Controllers\ParamController.php(23): Illuminate\Support\Facades\Facade::__callStatic('table', Array)
#10 C:\wamp\www\academe_platform\app\Http\Controllers\ParamController.php(23): Illuminate\Support\Facades\DB::table('param')
#11 [internal function]: App\Http\Controllers\ParamController->index()
#12 C:\wamp\www\academe_platform\vendor\compiled.php(8349): call_user_func_array(Array, Array)
#13 C:\wamp\www\academe_platform\vendor\compiled.php(8416): Illuminate\Routing\Controller->callAction('index', Array)
#14 C:\wamp\www\academe_platform\vendor\compiled.php(8395): Illuminate\Routing\ControllerDispatcher->call(Object(App\Http\Controllers\ParamController), Object(Illuminate\Routing\Route), 'index')
#15 [internal function]: Illuminate\Routing\ControllerDispatcher->Illuminate\Routing\{closure}(Object(Illuminate\Http\Request))
#16 C:\wamp\www\academe_platform\vendor\compiled.php(9027): call_user_func(Object(Closure), Object(Illuminate\Http\Request))
#17 [internal function]: Illuminate\Pipeline\Pipeline->Illuminate\Pipeline\{closure}(Object(Illuminate\Http\Request))
#18 C:\wamp\www\academe_platform\vendor\compiled.php(9010): call_user_func(Object(Closure), Object(Illuminate\Http\Request))
#19 C:\wamp\www\academe_platform\vendor\compiled.php(8396): Illuminate\Pipeline\Pipeline->then(Object(Closure))
#20 C:\wamp\www\academe_platform\vendor\compiled.php(8382): Illuminate\Routing\ControllerDispatcher->callWithinStack(Object(App\Http\Controllers\ParamController), Object(Illuminate\Routing\Route), Object(Illuminate\Http\Request), 'index')
#21 C:\wamp\www\academe_platform\vendor\compiled.php(7379): Illuminate\Routing\ControllerDispatcher->dispatch(Object(Illuminate\Routing\Route), Object(Illuminate\Http\Request), 'App\\Http\\Contro...', 'index')
#22 C:\wamp\www\academe_platform\vendor\compiled.php(7350): Illuminate\Routing\Route->runWithCustomDispatcher(Object(Illuminate\Http\Request))
#23 C:\wamp\www\academe_platform\vendor\compiled.php(7016): Illuminate\Routing\Route->run(Object(Illuminate\Http\Request))
#24 [internal function]: Illuminate\Routing\Router->Illuminate\Routing\{closure}(Object(Illuminate\Http\Request))
#25 C:\wamp\www\academe_platform\vendor\compiled.php(9027): call_user_func(Object(Closure), Object(Illuminate\Http\Request))
#26 [internal function]: Illuminate\Pipeline\Pipeline->Illuminate\Pipeline\{closure}(Object(Illuminate\Http\Request))
#27 C:\wamp\www\academe_platform\vendor\compiled.php(9010): call_user_func(Object(Closure), Object(Illuminate\Http\Request))
#28 C:\wamp\www\academe_platform\vendor\compiled.php(7017): Illuminate\Pipeline\Pipeline->then(Object(Closure))
#29 C:\wamp\www\academe_platform\vendor\compiled.php(7006): Illuminate\Routing\Router->runRouteWithinStack(Object(Illuminate\Routing\Route), Object(Illuminate\Http\Request))
#30 C:\wamp\www\academe_platform\vendor\compiled.php(6991): Illuminate\Routing\Router->dispatchToRoute(Object(Illuminate\Http\Request))
#31 C:\wamp\www\academe_platform\vendor\compiled.php(1981): Illuminate\Routing\Router->dispatch(Object(Illuminate\Http\Request))
#32 [internal function]: Illuminate\Foundation\Http\Kernel->Illuminate\Foundation\Http\{closure}(Object(Illuminate\Http\Request))
#33 C:\wamp\www\academe_platform\vendor\compiled.php(9027): call_user_func(Object(Closure), Object(Illuminate\Http\Request))
#34 C:\wamp\www\academe_platform\vendor\compiled.php(2484): Illuminate\Pipeline\Pipeline->Illuminate\Pipeline\{closure}(Object(Illuminate\Http\Request))
#35 C:\wamp\www\academe_platform\app\Http\Middleware\VerifyCsrfToken.php(17): Illuminate\Foundation\Http\Middleware\VerifyCsrfToken->handle(Object(Illuminate\Http\Request), Object(Closure))
#36 C:\wamp\www\academe_platform\vendor\compiled.php(9019): App\Http\Middleware\VerifyCsrfToken->handle(Object(Illuminate\Http\Request), Object(Closure))
#37 C:\wamp\www\academe_platform\vendor\compiled.php(12171): Illuminate\Pipeline\Pipeline->Illuminate\Pipeline\{closure}(Object(Illuminate\Http\Request))
#38 C:\wamp\www\academe_platform\vendor\compiled.php(9019): Illuminate\View\Middleware\ShareErrorsFromSession->handle(Object(Illuminate\Http\Request), Object(Closure))
#39 C:\wamp\www\academe_platform\vendor\compiled.php(10873): Illuminate\Pipeline\Pipeline->Illuminate\Pipeline\{closure}(Object(Illuminate\Http\Request))
#40 C:\wamp\www\academe_platform\vendor\compiled.php(9019): Illuminate\Session\Middleware\StartSession->handle(Object(Illuminate\Http\Request), Object(Closure))
#41 C:\wamp\www\academe_platform\vendor\compiled.php(11877): Illuminate\Pipeline\Pipeline->Illuminate\Pipeline\{closure}(Object(Illuminate\Http\Request))
#42 C:\wamp\www\academe_platform\vendor\compiled.php(9019): Illuminate\Cookie\Middleware\AddQueuedCookiesToResponse->handle(Object(Illuminate\Http\Request), Object(Closure))
#43 C:\wamp\www\academe_platform\vendor\compiled.php(11826): Illuminate\Pipeline\Pipeline->Illuminate\Pipeline\{closure}(Object(Illuminate\Http\Request))
#44 C:\wamp\www\academe_platform\vendor\compiled.php(9019): Illuminate\Cookie\Middleware\EncryptCookies->handle(Object(Illuminate\Http\Request), Object(Closure))
#45 C:\wamp\www\academe_platform\vendor\compiled.php(2524): Illuminate\Pipeline\Pipeline->Illuminate\Pipeline\{closure}(Object(Illuminate\Http\Request))
#46 C:\wamp\www\academe_platform\vendor\compiled.php(9019): Illuminate\Foundation\Http\Middleware\CheckForMaintenanceMode->handle(Object(Illuminate\Http\Request), Object(Closure))
#47 [internal function]: Illuminate\Pipeline\Pipeline->Illuminate\Pipeline\{closure}(Object(Illuminate\Http\Request))
#48 C:\wamp\www\academe_platform\vendor\compiled.php(9010): call_user_func(Object(Closure), Object(Illuminate\Http\Request))
#49 C:\wamp\www\academe_platform\vendor\compiled.php(1937): Illuminate\Pipeline\Pipeline->then(Object(Closure))
#50 C:\wamp\www\academe_platform\vendor\compiled.php(1924): Illuminate\Foundation\Http\Kernel->sendRequestThroughRouter(Object(Illuminate\Http\Request))
#51 C:\wamp\www\academe_platform\public\index.php(53): Illuminate\Foundation\Http\Kernel->handle(Object(Illuminate\Http\Request))
#52 C:\wamp\www\academe_platform\server.php(21): require_once('C:\\wamp\\www\\aca...')
#53 {main}  
[2015-06-08 06:24:43] production.ERROR: exception 'PDOException' with message 'SQLSTATE[HY000] [2002] No connection could be made because the target machine actively refused it.
' in C:\wamp\www\academe_platform\vendor\laravel\framework\src\Illuminate\Database\Connectors\Connector.php:47
Stack trace:
#0 C:\wamp\www\academe_platform\vendor\laravel\framework\src\Illuminate\Database\Connectors\Connector.php(47): PDO->__construct('mysql:host=loca...', 'root', '', Array)
#1 C:\wamp\www\academe_platform\vendor\laravel\framework\src\Illuminate\Database\Connectors\MySqlConnector.php(20): Illuminate\Database\Connectors\Connector->createConnection('mysql:host=loca...', Array, Array)
#2 C:\wamp\www\academe_platform\vendor\compiled.php(10761): Illuminate\Database\Connectors\MySqlConnector->connect(Array)
#3 C:\wamp\www\academe_platform\vendor\compiled.php(10757): Illuminate\Database\Connectors\ConnectionFactory->createSingleConnection(Array)
#4 C:\wamp\www\academe_platform\vendor\compiled.php(10675): Illuminate\Database\Connectors\ConnectionFactory->make(Array, 'mysql')
#5 C:\wamp\www\academe_platform\vendor\compiled.php(10630): Illuminate\Database\DatabaseManager->makeConnection('mysql')
#6 C:\wamp\www\academe_platform\vendor\compiled.php(10724): Illuminate\Database\DatabaseManager->connection()
#7 C:\wamp\www\academe_platform\vendor\compiled.php(5360): Illuminate\Database\DatabaseManager->__call('table', Array)
#8 C:\wamp\www\academe_platform\vendor\compiled.php(5360): Illuminate\Database\DatabaseManager->table('doc_param')
#9 C:\wamp\www\academe_platform\app\Http\Controllers\DocParamController.php(24): Illuminate\Support\Facades\Facade::__callStatic('table', Array)
#10 C:\wamp\www\academe_platform\app\Http\Controllers\DocParamController.php(24): Illuminate\Support\Facades\DB::table('doc_param')
#11 [internal function]: App\Http\Controllers\DocParamController->index()
#12 C:\wamp\www\academe_platform\vendor\compiled.php(8349): call_user_func_array(Array, Array)
#13 C:\wamp\www\academe_platform\vendor\compiled.php(8416): Illuminate\Routing\Controller->callAction('index', Array)
#14 C:\wamp\www\academe_platform\vendor\compiled.php(8395): Illuminate\Routing\ControllerDispatcher->call(Object(App\Http\Controllers\DocParamController), Object(Illuminate\Routing\Route), 'index')
#15 [internal function]: Illuminate\Routing\ControllerDispatcher->Illuminate\Routing\{closure}(Object(Illuminate\Http\Request))
#16 C:\wamp\www\academe_platform\vendor\compiled.php(9027): call_user_func(Object(Closure), Object(Illuminate\Http\Request))
#17 [internal function]: Illuminate\Pipeline\Pipeline->Illuminate\Pipeline\{closure}(Object(Illuminate\Http\Request))
#18 C:\wamp\www\academe_platform\vendor\compiled.php(9010): call_user_func(Object(Closure), Object(Illuminate\Http\Request))
#19 C:\wamp\www\academe_platform\vendor\compiled.php(8396): Illuminate\Pipeline\Pipeline->then(Object(Closure))
#20 C:\wamp\www\academe_platform\vendor\compiled.php(8382): Illuminate\Routing\ControllerDispatcher->callWithinStack(Object(App\Http\Controllers\DocParamController), Object(Illuminate\Routing\Route), Object(Illuminate\Http\Request), 'index')
#21 C:\wamp\www\academe_platform\vendor\compiled.php(7379): Illuminate\Routing\ControllerDispatcher->dispatch(Object(Illuminate\Routing\Route), Object(Illuminate\Http\Request), 'App\\Http\\Contro...', 'index')
#22 C:\wamp\www\academe_platform\vendor\compiled.php(7350): Illuminate\Routing\Route->runWithCustomDispatcher(Object(Illuminate\Http\Request))
#23 C:\wamp\www\academe_platform\vendor\compiled.php(7016): Illuminate\Routing\Route->run(Object(Illuminate\Http\Request))
#24 [internal function]: Illuminate\Routing\Router->Illuminate\Routing\{closure}(Object(Illuminate\Http\Request))
#25 C:\wamp\www\academe_platform\vendor\compiled.php(9027): call_user_func(Object(Closure), Object(Illuminate\Http\Request))
#26 [internal function]: Illuminate\Pipeline\Pipeline->Illuminate\Pipeline\{closure}(Object(Illuminate\Http\Request))
#27 C:\wamp\www\academe_platform\vendor\compiled.php(9010): call_user_func(Object(Closure), Object(Illuminate\Http\Request))
#28 C:\wamp\www\academe_platform\vendor\compiled.php(7017): Illuminate\Pipeline\Pipeline->then(Object(Closure))
#29 C:\wamp\www\academe_platform\vendor\compiled.php(7006): Illuminate\Routing\Router->runRouteWithinStack(Object(Illuminate\Routing\Route), Object(Illuminate\Http\Request))
#30 C:\wamp\www\academe_platform\vendor\compiled.php(6991): Illuminate\Routing\Router->dispatchToRoute(Object(Illuminate\Http\Request))
#31 C:\wamp\www\academe_platform\vendor\compiled.php(1981): Illuminate\Routing\Router->dispatch(Object(Illuminate\Http\Request))
#32 [internal function]: Illuminate\Foundation\Http\Kernel->Illuminate\Foundation\Http\{closure}(Object(Illuminate\Http\Request))
#33 C:\wamp\www\academe_platform\vendor\compiled.php(9027): call_user_func(Object(Closure), Object(Illuminate\Http\Request))
#34 C:\wamp\www\academe_platform\vendor\compiled.php(2484): Illuminate\Pipeline\Pipeline->Illuminate\Pipeline\{closure}(Object(Illuminate\Http\Request))
#35 C:\wamp\www\academe_platform\app\Http\Middleware\VerifyCsrfToken.php(17): Illuminate\Foundation\Http\Middleware\VerifyCsrfToken->handle(Object(Illuminate\Http\Request), Object(Closure))
#36 C:\wamp\www\academe_platform\vendor\compiled.php(9019): App\Http\Middleware\VerifyCsrfToken->handle(Object(Illuminate\Http\Request), Object(Closure))
#37 C:\wamp\www\academe_platform\vendor\compiled.php(12171): Illuminate\Pipeline\Pipeline->Illuminate\Pipeline\{closure}(Object(Illuminate\Http\Request))
#38 C:\wamp\www\academe_platform\vendor\compiled.php(9019): Illuminate\View\Middleware\ShareErrorsFromSession->handle(Object(Illuminate\Http\Request), Object(Closure))
#39 C:\wamp\www\academe_platform\vendor\compiled.php(10873): Illuminate\Pipeline\Pipeline->Illuminate\Pipeline\{closure}(Object(Illuminate\Http\Request))
#40 C:\wamp\www\academe_platform\vendor\compiled.php(9019): Illuminate\Session\Middleware\StartSession->handle(Object(Illuminate\Http\Request), Object(Closure))
#41 C:\wamp\www\academe_platform\vendor\compiled.php(11877): Illuminate\Pipeline\Pipeline->Illuminate\Pipeline\{closure}(Object(Illuminate\Http\Request))
#42 C:\wamp\www\academe_platform\vendor\compiled.php(9019): Illuminate\Cookie\Middleware\AddQueuedCookiesToResponse->handle(Object(Illuminate\Http\Request), Object(Closure))
#43 C:\wamp\www\academe_platform\vendor\compiled.php(11826): Illuminate\Pipeline\Pipeline->Illuminate\Pipeline\{closure}(Object(Illuminate\Http\Request))
#44 C:\wamp\www\academe_platform\vendor\compiled.php(9019): Illuminate\Cookie\Middleware\EncryptCookies->handle(Object(Illuminate\Http\Request), Object(Closure))
#45 C:\wamp\www\academe_platform\vendor\compiled.php(2524): Illuminate\Pipeline\Pipeline->Illuminate\Pipeline\{closure}(Object(Illuminate\Http\Request))
#46 C:\wamp\www\academe_platform\vendor\compiled.php(9019): Illuminate\Foundation\Http\Middleware\CheckForMaintenanceMode->handle(Object(Illuminate\Http\Request), Object(Closure))
#47 [internal function]: Illuminate\Pipeline\Pipeline->Illuminate\Pipeline\{closure}(Object(Illuminate\Http\Request))
#48 C:\wamp\www\academe_platform\vendor\compiled.php(9010): call_user_func(Object(Closure), Object(Illuminate\Http\Request))
#49 C:\wamp\www\academe_platform\vendor\compiled.php(1937): Illuminate\Pipeline\Pipeline->then(Object(Closure))
#50 C:\wamp\www\academe_platform\vendor\compiled.php(1924): Illuminate\Foundation\Http\Kernel->sendRequestThroughRouter(Object(Illuminate\Http\Request))
#51 C:\wamp\www\academe_platform\public\index.php(53): Illuminate\Foundation\Http\Kernel->handle(Object(Illuminate\Http\Request))
#52 C:\wamp\www\academe_platform\server.php(21): require_once('C:\\wamp\\www\\aca...')
#53 {main}  
[2015-06-08 06:24:45] production.ERROR: exception 'PDOException' with message 'SQLSTATE[HY000] [2002] No connection could be made because the target machine actively refused it.
' in C:\wamp\www\academe_platform\vendor\laravel\framework\src\Illuminate\Database\Connectors\Connector.php:47
Stack trace:
#0 C:\wamp\www\academe_platform\vendor\laravel\framework\src\Illuminate\Database\Connectors\Connector.php(47): PDO->__construct('mysql:host=loca...', 'root', '', Array)
#1 C:\wamp\www\academe_platform\vendor\laravel\framework\src\Illuminate\Database\Connectors\MySqlConnector.php(20): Illuminate\Database\Connectors\Connector->createConnection('mysql:host=loca...', Array, Array)
#2 C:\wamp\www\academe_platform\vendor\compiled.php(10761): Illuminate\Database\Connectors\MySqlConnector->connect(Array)
#3 C:\wamp\www\academe_platform\vendor\compiled.php(10757): Illuminate\Database\Connectors\ConnectionFactory->createSingleConnection(Array)
#4 C:\wamp\www\academe_platform\vendor\compiled.php(10675): Illuminate\Database\Connectors\ConnectionFactory->make(Array, 'mysql')
#5 C:\wamp\www\academe_platform\vendor\compiled.php(10630): Illuminate\Database\DatabaseManager->makeConnection('mysql')
#6 C:\wamp\www\academe_platform\vendor\compiled.php(10724): Illuminate\Database\DatabaseManager->connection()
#7 C:\wamp\www\academe_platform\vendor\compiled.php(5360): Illuminate\Database\DatabaseManager->__call('table', Array)
#8 C:\wamp\www\academe_platform\vendor\compiled.php(5360): Illuminate\Database\DatabaseManager->table('doc_type')
#9 C:\wamp\www\academe_platform\app\Http\Controllers\DocTypeController.php(24): Illuminate\Support\Facades\Facade::__callStatic('table', Array)
#10 C:\wamp\www\academe_platform\app\Http\Controllers\DocTypeController.php(24): Illuminate\Support\Facades\DB::table('doc_type')
#11 [internal function]: App\Http\Controllers\DocTypeController->index()
#12 C:\wamp\www\academe_platform\vendor\compiled.php(8349): call_user_func_array(Array, Array)
#13 C:\wamp\www\academe_platform\vendor\compiled.php(8416): Illuminate\Routing\Controller->callAction('index', Array)
#14 C:\wamp\www\academe_platform\vendor\compiled.php(8395): Illuminate\Routing\ControllerDispatcher->call(Object(App\Http\Controllers\DocTypeController), Object(Illuminate\Routing\Route), 'index')
#15 [internal function]: Illuminate\Routing\ControllerDispatcher->Illuminate\Routing\{closure}(Object(Illuminate\Http\Request))
#16 C:\wamp\www\academe_platform\vendor\compiled.php(9027): call_user_func(Object(Closure), Object(Illuminate\Http\Request))
#17 [internal function]: Illuminate\Pipeline\Pipeline->Illuminate\Pipeline\{closure}(Object(Illuminate\Http\Request))
#18 C:\wamp\www\academe_platform\vendor\compiled.php(9010): call_user_func(Object(Closure), Object(Illuminate\Http\Request))
#19 C:\wamp\www\academe_platform\vendor\compiled.php(8396): Illuminate\Pipeline\Pipeline->then(Object(Closure))
#20 C:\wamp\www\academe_platform\vendor\compiled.php(8382): Illuminate\Routing\ControllerDispatcher->callWithinStack(Object(App\Http\Controllers\DocTypeController), Object(Illuminate\Routing\Route), Object(Illuminate\Http\Request), 'index')
#21 C:\wamp\www\academe_platform\vendor\compiled.php(7379): Illuminate\Routing\ControllerDispatcher->dispatch(Object(Illuminate\Routing\Route), Object(Illuminate\Http\Request), 'App\\Http\\Contro...', 'index')
#22 C:\wamp\www\academe_platform\vendor\compiled.php(7350): Illuminate\Routing\Route->runWithCustomDispatcher(Object(Illuminate\Http\Request))
#23 C:\wamp\www\academe_platform\vendor\compiled.php(7016): Illuminate\Routing\Route->run(Object(Illuminate\Http\Request))
#24 [internal function]: Illuminate\Routing\Router->Illuminate\Routing\{closure}(Object(Illuminate\Http\Request))
#25 C:\wamp\www\academe_platform\vendor\compiled.php(9027): call_user_func(Object(Closure), Object(Illuminate\Http\Request))
#26 [internal function]: Illuminate\Pipeline\Pipeline->Illuminate\Pipeline\{closure}(Object(Illuminate\Http\Request))
#27 C:\wamp\www\academe_platform\vendor\compiled.php(9010): call_user_func(Object(Closure), Object(Illuminate\Http\Request))
#28 C:\wamp\www\academe_platform\vendor\compiled.php(7017): Illuminate\Pipeline\Pipeline->then(Object(Closure))
#29 C:\wamp\www\academe_platform\vendor\compiled.php(7006): Illuminate\Routing\Router->runRouteWithinStack(Object(Illuminate\Routing\Route), Object(Illuminate\Http\Request))
#30 C:\wamp\www\academe_platform\vendor\compiled.php(6991): Illuminate\Routing\Router->dispatchToRoute(Object(Illuminate\Http\Request))
#31 C:\wamp\www\academe_platform\vendor\compiled.php(1981): Illuminate\Routing\Router->dispatch(Object(Illuminate\Http\Request))
#32 [internal function]: Illuminate\Foundation\Http\Kernel->Illuminate\Foundation\Http\{closure}(Object(Illuminate\Http\Request))
#33 C:\wamp\www\academe_platform\vendor\compiled.php(9027): call_user_func(Object(Closure), Object(Illuminate\Http\Request))
#34 C:\wamp\www\academe_platform\vendor\compiled.php(2484): Illuminate\Pipeline\Pipeline->Illuminate\Pipeline\{closure}(Object(Illuminate\Http\Request))
#35 C:\wamp\www\academe_platform\app\Http\Middleware\VerifyCsrfToken.php(17): Illuminate\Foundation\Http\Middleware\VerifyCsrfToken->handle(Object(Illuminate\Http\Request), Object(Closure))
#36 C:\wamp\www\academe_platform\vendor\compiled.php(9019): App\Http\Middleware\VerifyCsrfToken->handle(Object(Illuminate\Http\Request), Object(Closure))
#37 C:\wamp\www\academe_platform\vendor\compiled.php(12171): Illuminate\Pipeline\Pipeline->Illuminate\Pipeline\{closure}(Object(Illuminate\Http\Request))
#38 C:\wamp\www\academe_platform\vendor\compiled.php(9019): Illuminate\View\Middleware\ShareErrorsFromSession->handle(Object(Illuminate\Http\Request), Object(Closure))
#39 C:\wamp\www\academe_platform\vendor\compiled.php(10873): Illuminate\Pipeline\Pipeline->Illuminate\Pipeline\{closure}(Object(Illuminate\Http\Request))
#40 C:\wamp\www\academe_platform\vendor\compiled.php(9019): Illuminate\Session\Middleware\StartSession->handle(Object(Illuminate\Http\Request), Object(Closure))
#41 C:\wamp\www\academe_platform\vendor\compiled.php(11877): Illuminate\Pipeline\Pipeline->Illuminate\Pipeline\{closure}(Object(Illuminate\Http\Request))
#42 C:\wamp\www\academe_platform\vendor\compiled.php(9019): Illuminate\Cookie\Middleware\AddQueuedCookiesToResponse->handle(Object(Illuminate\Http\Request), Object(Closure))
#43 C:\wamp\www\academe_platform\vendor\compiled.php(11826): Illuminate\Pipeline\Pipeline->Illuminate\Pipeline\{closure}(Object(Illuminate\Http\Request))
#44 C:\wamp\www\academe_platform\vendor\compiled.php(9019): Illuminate\Cookie\Middleware\EncryptCookies->handle(Object(Illuminate\Http\Request), Object(Closure))
#45 C:\wamp\www\academe_platform\vendor\compiled.php(2524): Illuminate\Pipeline\Pipeline->Illuminate\Pipeline\{closure}(Object(Illuminate\Http\Request))
#46 C:\wamp\www\academe_platform\vendor\compiled.php(9019): Illuminate\Foundation\Http\Middleware\CheckForMaintenanceMode->handle(Object(Illuminate\Http\Request), Object(Closure))
#47 [internal function]: Illuminate\Pipeline\Pipeline->Illuminate\Pipeline\{closure}(Object(Illuminate\Http\Request))
#48 C:\wamp\www\academe_platform\vendor\compiled.php(9010): call_user_func(Object(Closure), Object(Illuminate\Http\Request))
#49 C:\wamp\www\academe_platform\vendor\compiled.php(1937): Illuminate\Pipeline\Pipeline->then(Object(Closure))
#50 C:\wamp\www\academe_platform\vendor\compiled.php(1924): Illuminate\Foundation\Http\Kernel->sendRequestThroughRouter(Object(Illuminate\Http\Request))
#51 C:\wamp\www\academe_platform\public\index.php(53): Illuminate\Foundation\Http\Kernel->handle(Object(Illuminate\Http\Request))
#52 C:\wamp\www\academe_platform\server.php(21): require_once('C:\\wamp\\www\\aca...')
#53 {main}  
[2015-06-08 06:24:48] production.ERROR: exception 'PDOException' with message 'SQLSTATE[HY000] [2002] No connection could be made because the target machine actively refused it.
' in C:\wamp\www\academe_platform\vendor\laravel\framework\src\Illuminate\Database\Connectors\Connector.php:47
Stack trace:
#0 C:\wamp\www\academe_platform\vendor\laravel\framework\src\Illuminate\Database\Connectors\Connector.php(47): PDO->__construct('mysql:host=loca...', 'root', '', Array)
#1 C:\wamp\www\academe_platform\vendor\laravel\framework\src\Illuminate\Database\Connectors\MySqlConnector.php(20): Illuminate\Database\Connectors\Connector->createConnection('mysql:host=loca...', Array, Array)
#2 C:\wamp\www\academe_platform\vendor\compiled.php(10761): Illuminate\Database\Connectors\MySqlConnector->connect(Array)
#3 C:\wamp\www\academe_platform\vendor\compiled.php(10757): Illuminate\Database\Connectors\ConnectionFactory->createSingleConnection(Array)
#4 C:\wamp\www\academe_platform\vendor\compiled.php(10675): Illuminate\Database\Connectors\ConnectionFactory->make(Array, 'mysql')
#5 C:\wamp\www\academe_platform\vendor\compiled.php(10630): Illuminate\Database\DatabaseManager->makeConnection('mysql')
#6 C:\wamp\www\academe_platform\vendor\compiled.php(10724): Illuminate\Database\DatabaseManager->connection()
#7 C:\wamp\www\academe_platform\vendor\compiled.php(5360): Illuminate\Database\DatabaseManager->__call('table', Array)
#8 C:\wamp\www\academe_platform\vendor\compiled.php(5360): Illuminate\Database\DatabaseManager->table('param_type')
#9 C:\wamp\www\academe_platform\app\Http\Controllers\ParamTypeController.php(23): Illuminate\Support\Facades\Facade::__callStatic('table', Array)
#10 C:\wamp\www\academe_platform\app\Http\Controllers\ParamTypeController.php(23): Illuminate\Support\Facades\DB::table('param_type')
#11 [internal function]: App\Http\Controllers\ParamTypeController->index()
#12 C:\wamp\www\academe_platform\vendor\compiled.php(8349): call_user_func_array(Array, Array)
#13 C:\wamp\www\academe_platform\vendor\compiled.php(8416): Illuminate\Routing\Controller->callAction('index', Array)
#14 C:\wamp\www\academe_platform\vendor\compiled.php(8395): Illuminate\Routing\ControllerDispatcher->call(Object(App\Http\Controllers\ParamTypeController), Object(Illuminate\Routing\Route), 'index')
#15 [internal function]: Illuminate\Routing\ControllerDispatcher->Illuminate\Routing\{closure}(Object(Illuminate\Http\Request))
#16 C:\wamp\www\academe_platform\vendor\compiled.php(9027): call_user_func(Object(Closure), Object(Illuminate\Http\Request))
#17 [internal function]: Illuminate\Pipeline\Pipeline->Illuminate\Pipeline\{closure}(Object(Illuminate\Http\Request))
#18 C:\wamp\www\academe_platform\vendor\compiled.php(9010): call_user_func(Object(Closure), Object(Illuminate\Http\Request))
#19 C:\wamp\www\academe_platform\vendor\compiled.php(8396): Illuminate\Pipeline\Pipeline->then(Object(Closure))
#20 C:\wamp\www\academe_platform\vendor\compiled.php(8382): Illuminate\Routing\ControllerDispatcher->callWithinStack(Object(App\Http\Controllers\ParamTypeController), Object(Illuminate\Routing\Route), Object(Illuminate\Http\Request), 'index')
#21 C:\wamp\www\academe_platform\vendor\compiled.php(7379): Illuminate\Routing\ControllerDispatcher->dispatch(Object(Illuminate\Routing\Route), Object(Illuminate\Http\Request), 'App\\Http\\Contro...', 'index')
#22 C:\wamp\www\academe_platform\vendor\compiled.php(7350): Illuminate\Routing\Route->runWithCustomDispatcher(Object(Illuminate\Http\Request))
#23 C:\wamp\www\academe_platform\vendor\compiled.php(7016): Illuminate\Routing\Route->run(Object(Illuminate\Http\Request))
#24 [internal function]: Illuminate\Routing\Router->Illuminate\Routing\{closure}(Object(Illuminate\Http\Request))
#25 C:\wamp\www\academe_platform\vendor\compiled.php(9027): call_user_func(Object(Closure), Object(Illuminate\Http\Request))
#26 [internal function]: Illuminate\Pipeline\Pipeline->Illuminate\Pipeline\{closure}(Object(Illuminate\Http\Request))
#27 C:\wamp\www\academe_platform\vendor\compiled.php(9010): call_user_func(Object(Closure), Object(Illuminate\Http\Request))
#28 C:\wamp\www\academe_platform\vendor\compiled.php(7017): Illuminate\Pipeline\Pipeline->then(Object(Closure))
#29 C:\wamp\www\academe_platform\vendor\compiled.php(7006): Illuminate\Routing\Router->runRouteWithinStack(Object(Illuminate\Routing\Route), Object(Illuminate\Http\Request))
#30 C:\wamp\www\academe_platform\vendor\compiled.php(6991): Illuminate\Routing\Router->dispatchToRoute(Object(Illuminate\Http\Request))
#31 C:\wamp\www\academe_platform\vendor\compiled.php(1981): Illuminate\Routing\Router->dispatch(Object(Illuminate\Http\Request))
#32 [internal function]: Illuminate\Foundation\Http\Kernel->Illuminate\Foundation\Http\{closure}(Object(Illuminate\Http\Request))
#33 C:\wamp\www\academe_platform\vendor\compiled.php(9027): call_user_func(Object(Closure), Object(Illuminate\Http\Request))
#34 C:\wamp\www\academe_platform\vendor\compiled.php(2484): Illuminate\Pipeline\Pipeline->Illuminate\Pipeline\{closure}(Object(Illuminate\Http\Request))
#35 C:\wamp\www\academe_platform\app\Http\Middleware\VerifyCsrfToken.php(17): Illuminate\Foundation\Http\Middleware\VerifyCsrfToken->handle(Object(Illuminate\Http\Request), Object(Closure))
#36 C:\wamp\www\academe_platform\vendor\compiled.php(9019): App\Http\Middleware\VerifyCsrfToken->handle(Object(Illuminate\Http\Request), Object(Closure))
#37 C:\wamp\www\academe_platform\vendor\compiled.php(12171): Illuminate\Pipeline\Pipeline->Illuminate\Pipeline\{closure}(Object(Illuminate\Http\Request))
#38 C:\wamp\www\academe_platform\vendor\compiled.php(9019): Illuminate\View\Middleware\ShareErrorsFromSession->handle(Object(Illuminate\Http\Request), Object(Closure))
#39 C:\wamp\www\academe_platform\vendor\compiled.php(10873): Illuminate\Pipeline\Pipeline->Illuminate\Pipeline\{closure}(Object(Illuminate\Http\Request))
#40 C:\wamp\www\academe_platform\vendor\compiled.php(9019): Illuminate\Session\Middleware\StartSession->handle(Object(Illuminate\Http\Request), Object(Closure))
#41 C:\wamp\www\academe_platform\vendor\compiled.php(11877): Illuminate\Pipeline\Pipeline->Illuminate\Pipeline\{closure}(Object(Illuminate\Http\Request))
#42 C:\wamp\www\academe_platform\vendor\compiled.php(9019): Illuminate\Cookie\Middleware\AddQueuedCookiesToResponse->handle(Object(Illuminate\Http\Request), Object(Closure))
#43 C:\wamp\www\academe_platform\vendor\compiled.php(11826): Illuminate\Pipeline\Pipeline->Illuminate\Pipeline\{closure}(Object(Illuminate\Http\Request))
#44 C:\wamp\www\academe_platform\vendor\compiled.php(9019): Illuminate\Cookie\Middleware\EncryptCookies->handle(Object(Illuminate\Http\Request), Object(Closure))
#45 C:\wamp\www\academe_platform\vendor\compiled.php(2524): Illuminate\Pipeline\Pipeline->Illuminate\Pipeline\{closure}(Object(Illuminate\Http\Request))
#46 C:\wamp\www\academe_platform\vendor\compiled.php(9019): Illuminate\Foundation\Http\Middleware\CheckForMaintenanceMode->handle(Object(Illuminate\Http\Request), Object(Closure))
#47 [internal function]: Illuminate\Pipeline\Pipeline->Illuminate\Pipeline\{closure}(Object(Illuminate\Http\Request))
#48 C:\wamp\www\academe_platform\vendor\compiled.php(9010): call_user_func(Object(Closure), Object(Illuminate\Http\Request))
#49 C:\wamp\www\academe_platform\vendor\compiled.php(1937): Illuminate\Pipeline\Pipeline->then(Object(Closure))
#50 C:\wamp\www\academe_platform\vendor\compiled.php(1924): Illuminate\Foundation\Http\Kernel->sendRequestThroughRouter(Object(Illuminate\Http\Request))
#51 C:\wamp\www\academe_platform\public\index.php(53): Illuminate\Foundation\Http\Kernel->handle(Object(Illuminate\Http\Request))
#52 C:\wamp\www\academe_platform\server.php(21): require_once('C:\\wamp\\www\\aca...')
#53 {main}  
